Running local tests for [cluster]
Pester Testing Module: cluster
Pester v5.7.1

Starting discovery in 1 files.
repoRootPath: C:\Users\chchoudha\repo\bicep-registry-modules
moduleFolderPaths: 1
Removing the imported "Test-McrConnection" function.
Removing the imported "Resolve-ReadMeParameterList" function.
Removing the imported "Resolve-DependencyList" function.
Removing the imported "Remove-JSONMetadata" function.
Removing the imported "Get-WorkflowWorkflowDispatchTriggerInputsAsObject" function.
Removing the imported "Get-WorkflowPushTriggerAsObject" function.
Removing the imported "Get-WorkflowEnvVariablesAsObject" function.
Removing the imported "Get-TemplateFileToPublish" function.
Removing the imported "Get-TableStartAndEndIndex" function.
Removing the imported "Get-SpecsAlignedResourceName" function.
Removing the imported "Get-ScopeOfTemplateFile" function.
Removing the imported "Get-ReferenceObject" function.
Removing the imported "Get-ReducedWordString" function.
Removing the imported "Get-PublishedModuleVersionsList" function.
Removing the imported "Get-PipelineFileName" function.
Removing the imported "Get-ParentFolderPathList" function.
Removing the imported "Get-NestedResourceList" function.
Removing the imported "Get-ModuleTargetVersion" function.
Removing the imported "Get-ModulesToPublish" function.
Removing the imported "Get-MarkdownSectionStartIndex" function.
Removing the imported "Get-MarkdownSectionEndIndex" function.
Removing the imported "Get-IsParameterRequired" function.
Removing the imported "Get-GitHubWorkflowDefaultInput" function.
Removing the imported "Get-GitBranchName" function.
Removing the imported "Get-CrossReferencedModuleList" function.
Removing the imported "Get-BRMRepositoryName" function.
Removing the imported "Find-TemplateFile" function.
Removing the imported "ConvertTo-OrderedHashtable" function.
Loading module from path 'C:\Users\chchoudha\repo\bicep-registry-modules\utilities\pipelines\staticValidation\compliance\helper\helper.psm1'.
Exporting function 'Get-NestedResourceList'.
Exporting function 'Get-ScopeOfTemplateFile'.
Exporting function 'Get-PipelineFileName'.
Exporting function 'Get-IsParameterRequired'.
Exporting function 'ConvertTo-OrderedHashtable'.
Exporting function 'Resolve-DependencyList'.
Exporting function 'Get-ReferenceObject'.
Exporting function 'Get-CrossReferencedModuleList'.
Exporting function 'Get-BRMRepositoryName'.
Exporting function 'Get-ModuleTargetVersion'.
Exporting function 'Get-GitHubWorkflowDefaultInput'.
Exporting function 'Get-GitBranchName'.
Exporting function 'Get-TemplateFileToPublish'.
Exporting function 'Find-TemplateFile'.
Exporting function 'Get-ModulesToPublish'.
Exporting function 'Get-PublishedModuleVersionsList'.
Exporting function 'Test-McrConnection'.
Exporting function 'Get-ReducedWordString'.
Exporting function 'Get-SpecsAlignedResourceName'.
Exporting function 'Get-ParentFolderPathList'.
Exporting function 'Get-MarkdownSectionStartIndex'.
Exporting function 'Get-MarkdownSectionEndIndex'.
Exporting function 'Get-TableStartAndEndIndex'.
Exporting function 'Remove-JSONMetadata'.
Exporting function 'Resolve-ReadMeParameterList'.
Exporting function 'Get-WorkflowWorkflowDispatchTriggerInputsAsObject'.
Exporting function 'Get-WorkflowPushTriggerAsObject'.
Exporting function 'Get-WorkflowEnvVariablesAsObject'.
Importing function 'ConvertTo-OrderedHashtable'.
Importing function 'Find-TemplateFile'.
Importing function 'Get-BRMRepositoryName'.
Importing function 'Get-CrossReferencedModuleList'.
Importing function 'Get-GitBranchName'.
Importing function 'Get-GitHubWorkflowDefaultInput'.
Importing function 'Get-IsParameterRequired'.
Importing function 'Get-MarkdownSectionEndIndex'.
Importing function 'Get-MarkdownSectionStartIndex'.
Importing function 'Get-ModulesToPublish'.
Importing function 'Get-ModuleTargetVersion'.
Importing function 'Get-NestedResourceList'.
Importing function 'Get-ParentFolderPathList'.
Importing function 'Get-PipelineFileName'.
Importing function 'Get-PublishedModuleVersionsList'.
Importing function 'Get-ReducedWordString'.
Importing function 'Get-ReferenceObject'.
Importing function 'Get-ScopeOfTemplateFile'.
Importing function 'Get-SpecsAlignedResourceName'.
Importing function 'Get-TableStartAndEndIndex'.
Importing function 'Get-TemplateFileToPublish'.
Importing function 'Get-WorkflowEnvVariablesAsObject'.
Importing function 'Get-WorkflowPushTriggerAsObject'.
Importing function 'Get-WorkflowWorkflowDispatchTriggerInputsAsObject'.
Importing function 'Remove-JSONMetadata'.
Importing function 'Resolve-DependencyList'.
Importing function 'Resolve-ReadMeParameterList'.
Importing function 'Test-McrConnection'.
WebRequest: v1.1 GET https://azure.github.io/Azure-Verified-Modules/governance/apiSpecsList.json
WebResponse: 200 OK with application/json payload
Discovery found 102 tests in 35.66s.
Running tests.

Running tests from 'C:\Users\chchoudha\repo\bicep-registry-modules\utilities\pipelines\staticValidation\compliance\module.tests.ps1'
Describing File/folder tests
 Context General module folder tests
   [+] [azure-stack-hci/cluster] Module must contain a [ main.bicep ] file.
 7ms (2ms|5ms)
   [+] [azure-stack-hci/cluster] Module must contain a [ main.json ] file.
 2ms (1ms|1ms)
   [+] [azure-stack-hci/cluster] Module must contain a [ README.md ] file.
 4ms (3ms|1ms)
   [+] [azure-stack-hci/cluster] Module must contain a [ CHANGELOG.md ] file.
 2ms (1ms|1ms)
   [+] [azure-stack-hci/cluster] Resource module (folder) name must be singular, use '-' instead of camel-case and be lower-case (e.g., 'the-cake-is-a-lie').
 2ms (1ms|1ms)
 Context Top level module folder tests
   [+] [res/azure-stack-hci/cluster] Top-level module must contain a [ version.json ] file, unless multi-scope.
 2ms (1ms|1ms)
   [+] [res/azure-stack-hci/cluster] Top-level module should contain a [ tests ] folder.
 2ms (2ms|1ms)
   [+] [res/azure-stack-hci/cluster] Top-level module should contain a [ tests/e2e ] folder.
 2ms (1ms|1ms)
   [+] [res/azure-stack-hci/cluster] Top-level module should contain a [ tests/e2e/*waf-aligned ] folder.
 32ms (31ms|1ms)
   [+] [res/azure-stack-hci/cluster] Top-level module should contain one [ main.test.bicep ] file in each e2e test folder.
 5ms (4ms|1ms)
   [+] [res/azure-stack-hci/cluster] Resource Modules must not skip the "*defaults" or "*waf-aligned" tests with a [ .e2eignore ] file.
 5ms (4ms|1ms)
   [+] [res/azure-stack-hci/cluster] a [ .e2eignore ] file must contain text, which states the exception reason for not executing the deployment test.
 3ms (2ms|0ms)
WebRequest: v1.1 GET https://aka.ms/avm/index/bicep/res/csv
WebResponse: 200 OK with text/csv payload
   [+] [res/azure-stack-hci/cluster] Top-level module should contain a [ ORPHANED.md ] file only if orphaned.
 771ms (770ms|1ms)

Describing Pipeline tests
  [+] [azure-stack-hci/cluster] Module should have a GitHub workflow in path [.github/workflows/avm.res.azure-stack-hci.cluster.yml].
 3ms (1ms|2ms)
  [+] [azure-stack-hci/cluster] GitHub workflow [avm.res.azure-stack-hci.cluster.yml] should have expected environment variables.
 2ms (1ms|1ms)
  [+] [azure-stack-hci/cluster] GitHub workflow [avm.res.azure-stack-hci.cluster.yml] should have [workflowPath] environment variable with value [.github/workflows/avm.res.azure-stack-hci.cluster.yml].
 2ms (1ms|1ms)
  [+] [azure-stack-hci/cluster] GitHub workflow [avm.res.azure-stack-hci.cluster.yml] should have [modulePath] environment variable with value [avm/res/azure-stack-hci/cluster].
 11ms (10ms|0ms)
  [+] [azure-stack-hci/cluster] GitHub workflow [avm.res.azure-stack-hci.cluster.yml] should have expected runtime parameters.
 2ms (1ms|1ms)
  [+] [azure-stack-hci/cluster] GitHub workflow [avm.res.azure-stack-hci.cluster.yml]'s [staticValidation] runtime parameter should have a default value of [true].
 1ms (1ms|1ms)
  [+] [azure-stack-hci/cluster] GitHub workflow [avm.res.azure-stack-hci.cluster.yml]'s [deploymentValidation] runtime parameter should have a default value of [true].
 2ms (1ms|1ms)
  [+] [azure-stack-hci/cluster] GitHub workflow [avm.res.azure-stack-hci.cluster.yml]'s [customLocation] runtime parameter should not have a default value.
 2ms (1ms|1ms)
  [+] [azure-stack-hci/cluster] GitHub workflow [avm.res.azure-stack-hci.cluster.yml] Should have only the [main] branch as a push trigger.
 2ms (2ms|1ms)
  [+] [azure-stack-hci/cluster] GitHub workflow [avm.res.azure-stack-hci.cluster.yml]. Should have the expected push trigger path filters.
 4ms (3ms|1ms)
  [+] [azure-stack-hci/cluster] GitHub workflow [avm.res.azure-stack-hci.cluster.yml]. Should only have the expected push trigger path filters.
 3ms (2ms|1ms)
  [+] [azure-stack-hci/cluster] GitHub workflow [avm.res.azure-stack-hci.cluster.yml]. Should include a condition to run automatically only on upstream main changes.
 13ms (12ms|1ms)
WebRequest: v1.1 GET https://aka.ms/avm/static/telemetry
WebResponse: 200 OK with text/plain payload

Describing Module tests
 Context Readme content tests
WebRequest: v1.1 GET https://azure.github.io/Azure-Verified-Modules/governance/apiSpecsList.json
WebResponse: 200 OK with application/json payload
New content:
============
# Azure Stack HCI Cluster `[Microsoft.AzureStackHCI/clusters]`

This module deploys an Azure Stack HCI Cluster on the provided Arc Machines.

You can reference the module as follows:
```bicep
module cluster 'br/public:avm/res/azure-stack-hci/cluster:<version>' = {
  params: { (...) }
}
```
For examples, please refer to the [Usage Examples](#usage-examples) section.

## Navigation

- [Resource Types](#Resource-Types)
- [Usage examples](#Usage-examples)
- [Parameters](#Parameters)
- [Outputs](#Outputs)
- [Cross-referenced modules](#Cross-referenced-modules)
- [Notes](#Notes)
- [Data Collection](#Data-Collection)

## Resource Types

| Resource Type | API Version | References |
| :-- | :-- | :-- |
| `Microsoft.Authorization/roleAssignments` | 2022-04-01 | <ul style="padding-left: 0px;"><li>[AzAdvertizer](https://www.azadvertizer.net/azresourcetypes/microsoft.authorization_roleassignments.html)</li><li>[Template reference](https://learn.microsoft.com/en-us/azure/templates/Microsoft.Authorization/2022-04-01/roleAssignments)</li></ul> |
| `Microsoft.AzureStackHCI/clusters` | 2025-10-01 | <ul style="padding-left: 0px;"><li>[AzAdvertizer](https://www.azadvertizer.net/azresourcetypes/microsoft.azurestackhci_clusters.html)</li><li>[Template reference](https://learn.microsoft.com/en-us/azure/templates/Microsoft.AzureStackHCI/2025-10-01/clusters)</li></ul> |
| `Microsoft.AzureStackHCI/clusters/deploymentSettings` | 2025-10-01 | <ul style="padding-left: 0px;"><li>[AzAdvertizer](https://www.azadvertizer.net/azresourcetypes/microsoft.azurestackhci_clusters_deploymentsettings.html)</li><li>[Template reference](https://learn.microsoft.com/en-us/azure/templates/Microsoft.AzureStackHCI/2025-10-01/clusters/deploymentSettings)</li></ul> |
| `Microsoft.AzureStackHCI/edgeDevices` | 2025-10-01 | <ul style="padding-left: 0px;"><li>[AzAdvertizer](https://www.azadvertizer.net/azresourcetypes/microsoft.azurestackhci_edgedevices.html)</li><li>[Template reference](https://learn.microsoft.com/en-us/azure/templates/Microsoft.AzureStackHCI/2025-10-01/edgeDevices)</li></ul> |
| `Microsoft.KeyVault/vaults/secrets` | 2021-06-01-preview | <ul style="padding-left: 0px;"><li>[AzAdvertizer](https://www.azadvertizer.net/azresourcetypes/microsoft.keyvault_vaults_secrets.html)</li><li>[Template reference](https://learn.microsoft.com/en-us/azure/templates/Microsoft.KeyVault/2021-06-01-preview/vaults/secrets)</li></ul> |
| `Microsoft.ManagedIdentity/userAssignedIdentities` | 2024-11-30 | <ul style="padding-left: 0px;"><li>[AzAdvertizer](https://www.azadvertizer.net/azresourcetypes/microsoft.managedidentity_userassignedidentities.html)</li><li>[Template reference](https://learn.microsoft.com/en-us/azure/templates/Microsoft.ManagedIdentity/2024-11-30/userAssignedIdentities)</li></ul> |
| `Microsoft.Resources/deploymentScripts` | 2023-08-01 | <ul style="padding-left: 0px;"><li>[AzAdvertizer](https://www.azadvertizer.net/azresourcetypes/microsoft.resources_deploymentscripts.html)</li><li>[Template reference](https://learn.microsoft.com/en-us/azure/templates/Microsoft.Resources/2023-08-01/deploymentScripts)</li></ul> |

## Usage examples

The following section provides usage examples for the module, which were used to validate and deploy the module successfully. For a full reference, please review the module's test folder in its repository.

>**Note**: Each example lists all the required parameters first, followed by the rest - each in alphabetical order.

>**Note**: To reference the module, please use the following syntax `br/public:avm/res/azure-stack-hci/cluster:<version>`.

- [Deploy Azure Stack HCI Cluster in Azure with a 2 node switched configuration](#example-1-deploy-azure-stack-hci-cluster-in-azure-with-a-2-node-switched-configuration)
- [Deploy Azure Stack HCI Cluster in Azure with a 2 node switched configuration WAF aligned](#example-2-deploy-azure-stack-hci-cluster-in-azure-with-a-2-node-switched-configuration-waf-aligned)

### Example 1: _Deploy Azure Stack HCI Cluster in Azure with a 2 node switched configuration_

This test deploys an Azure VM to host a 2 node switched Azure Stack HCI cluster, validates the cluster configuration, and then deploys the cluster.

You can find the full example and the setup of its dependencies in the deployment test folder path [/tests/e2e/defaults]


<details>

<summary>via Bicep module</summary>

```bicep
module cluster 'br/public:avm/res/azure-stack-hci/cluster:<version>' = {
  params: {
    // Required parameters
    deploymentSettings: {
      clusterNodeNames: '<clusterNodeNames>'
      clusterWitnessStorageAccountName: '<clusterWitnessStorageAccountName>'
      customLocationName: 'ashclmin-location'
      defaultGateway: '172.20.0.1'
      deploymentPrefix: '<deploymentPrefix>'
      dnsServers: [
        '172.20.0.1'
      ]
      domainFqdn: 'hci.local'
      domainOUPath: '<domainOUPath>'
      enableStorageAutoIp: true
      endingIPAddress: '172.20.0.65'
      keyVaultName: '<keyVaultName>'
      networkIntents: [
        {
          adapter: [
            'FABRIC'
            'FABRIC2'
          ]
          adapterPropertyOverrides: {
            jumboPacket: '9014'
            networkDirect: 'Disabled'
            networkDirectTechnology: 'iWARP'
          }
          name: 'ManagementCompute'
          overrideAdapterProperty: true
          overrideQosPolicy: false
          overrideVirtualSwitchConfiguration: false
          qosPolicyOverrides: {
            bandwidthPercentageSMB: '50'
            priorityValue8021ActionCluster: '7'
            priorityValue8021ActionSMB: '3'
          }
          trafficType: [
            'Compute'
            'Management'
          ]
          virtualSwitchConfigurationOverrides: {
            enableIov: 'true'
            loadBalancingAlgorithm: 'Dynamic'
          }
        }
        {
          adapter: [
            'StorageA'
            'StorageB'
          ]
          adapterPropertyOverrides: {
            jumboPacket: '9014'
            networkDirect: 'Disabled'
            networkDirectTechnology: 'iWARP'
          }
          name: 'Storage'
          overrideAdapterProperty: true
          overrideQosPolicy: true
          overrideVirtualSwitchConfiguration: false
          qosPolicyOverrides: {
            bandwidthPercentageSMB: '50'
            priorityValue8021ActionCluster: '7'
            priorityValue8021ActionSMB: '3'
          }
          trafficType: [
            'Storage'
          ]
          virtualSwitchConfigurationOverrides: {
            enableIov: 'true'
            loadBalancingAlgorithm: 'Dynamic'
          }
        }
      ]
      startingIPAddress: '172.20.0.55'
      storageConnectivitySwitchless: false
      storageNetworks: [
        {
          adapterName: 'StorageA'
          name: 'Storage1Network'
          vlan: '711'
        }
        {
          adapterName: 'StorageB'
          name: 'Storage2Network'
          vlan: '712'
        }
      ]
      subnetMask: '255.255.255.0'
    }
    hciResourceProviderObjectId: '<hciResourceProviderObjectId>'
    name: '<name>'
    // Non-required parameters
    deploymentUser: 'deployUser'
    deploymentUserPassword: '<deploymentUserPassword>'
    localAdminPassword: '<localAdminPassword>'
    localAdminUser: 'Administrator'
    servicePrincipalId: '<servicePrincipalId>'
    servicePrincipalSecret: '<servicePrincipalSecret>'
  }
}
```

</details>
<p>

<details>

<summary>via JSON parameters file</summary>

```json
{
  "$schema": "https://schema.management.azure.com/schemas/2019-04-01/deploymentParameters.json#",
  "contentVersion": "1.0.0.0",
  "parameters": {
    // Required parameters
    "deploymentSettings": {
      "value": {
        "clusterNodeNames": "<clusterNodeNames>",
        "clusterWitnessStorageAccountName": "<clusterWitnessStorageAccountName>",
        "customLocationName": "ashclmin-location",
        "defaultGateway": "172.20.0.1",
        "deploymentPrefix": "<deploymentPrefix>",
        "dnsServers": [
          "172.20.0.1"
        ],
        "domainFqdn": "hci.local",
        "domainOUPath": "<domainOUPath>",
        "enableStorageAutoIp": true,
        "endingIPAddress": "172.20.0.65",
        "keyVaultName": "<keyVaultName>",
        "networkIntents": [
          {
            "adapter": [
              "FABRIC",
              "FABRIC2"
            ],
            "adapterPropertyOverrides": {
              "jumboPacket": "9014",
              "networkDirect": "Disabled",
              "networkDirectTechnology": "iWARP"
            },
            "name": "ManagementCompute",
            "overrideAdapterProperty": true,
            "overrideQosPolicy": false,
            "overrideVirtualSwitchConfiguration": false,
            "qosPolicyOverrides": {
              "bandwidthPercentageSMB": "50",
              "priorityValue8021ActionCluster": "7",
              "priorityValue8021ActionSMB": "3"
            },
            "trafficType": [
              "Compute",
              "Management"
            ],
            "virtualSwitchConfigurationOverrides": {
              "enableIov": "true",
              "loadBalancingAlgorithm": "Dynamic"
            }
          },
          {
            "adapter": [
              "StorageA",
              "StorageB"
            ],
            "adapterPropertyOverrides": {
              "jumboPacket": "9014",
              "networkDirect": "Disabled",
              "networkDirectTechnology": "iWARP"
            },
            "name": "Storage",
            "overrideAdapterProperty": true,
            "overrideQosPolicy": true,
            "overrideVirtualSwitchConfiguration": false,
            "qosPolicyOverrides": {
              "bandwidthPercentageSMB": "50",
              "priorityValue8021ActionCluster": "7",
              "priorityValue8021ActionSMB": "3"
            },
            "trafficType": [
              "Storage"
            ],
            "virtualSwitchConfigurationOverrides": {
              "enableIov": "true",
              "loadBalancingAlgorithm": "Dynamic"
            }
          }
        ],
        "startingIPAddress": "172.20.0.55",
        "storageConnectivitySwitchless": false,
        "storageNetworks": [
          {
            "adapterName": "StorageA",
            "name": "Storage1Network",
            "vlan": "711"
          },
          {
            "adapterName": "StorageB",
            "name": "Storage2Network",
            "vlan": "712"
          }
        ],
        "subnetMask": "255.255.255.0"
      }
    },
    "hciResourceProviderObjectId": {
      "value": "<hciResourceProviderObjectId>"
    },
    "name": {
      "value": "<name>"
    },
    // Non-required parameters
    "deploymentUser": {
      "value": "deployUser"
    },
    "deploymentUserPassword": {
      "value": "<deploymentUserPassword>"
    },
    "localAdminPassword": {
      "value": "<localAdminPassword>"
    },
    "localAdminUser": {
      "value": "Administrator"
    },
    "servicePrincipalId": {
      "value": "<servicePrincipalId>"
    },
    "servicePrincipalSecret": {
      "value": "<servicePrincipalSecret>"
    }
  }
}
```

</details>
<p>

<details>

<summary>via Bicep parameters file</summary>

```bicep-params
using 'br/public:avm/res/azure-stack-hci/cluster:<version>'

// Required parameters
param deploymentSettings = {
  clusterNodeNames: '<clusterNodeNames>'
  clusterWitnessStorageAccountName: '<clusterWitnessStorageAccountName>'
  customLocationName: 'ashclmin-location'
  defaultGateway: '172.20.0.1'
  deploymentPrefix: '<deploymentPrefix>'
  dnsServers: [
    '172.20.0.1'
  ]
  domainFqdn: 'hci.local'
  domainOUPath: '<domainOUPath>'
  enableStorageAutoIp: true
  endingIPAddress: '172.20.0.65'
  keyVaultName: '<keyVaultName>'
  networkIntents: [
    {
      adapter: [
        'FABRIC'
        'FABRIC2'
      ]
      adapterPropertyOverrides: {
        jumboPacket: '9014'
        networkDirect: 'Disabled'
        networkDirectTechnology: 'iWARP'
      }
      name: 'ManagementCompute'
      overrideAdapterProperty: true
      overrideQosPolicy: false
      overrideVirtualSwitchConfiguration: false
      qosPolicyOverrides: {
        bandwidthPercentageSMB: '50'
        priorityValue8021ActionCluster: '7'
        priorityValue8021ActionSMB: '3'
      }
      trafficType: [
        'Compute'
        'Management'
      ]
      virtualSwitchConfigurationOverrides: {
        enableIov: 'true'
        loadBalancingAlgorithm: 'Dynamic'
      }
    }
    {
      adapter: [
        'StorageA'
        'StorageB'
      ]
      adapterPropertyOverrides: {
        jumboPacket: '9014'
        networkDirect: 'Disabled'
        networkDirectTechnology: 'iWARP'
      }
      name: 'Storage'
      overrideAdapterProperty: true
      overrideQosPolicy: true
      overrideVirtualSwitchConfiguration: false
      qosPolicyOverrides: {
        bandwidthPercentageSMB: '50'
        priorityValue8021ActionCluster: '7'
        priorityValue8021ActionSMB: '3'
      }
      trafficType: [
        'Storage'
      ]
      virtualSwitchConfigurationOverrides: {
        enableIov: 'true'
        loadBalancingAlgorithm: 'Dynamic'
      }
    }
  ]
  startingIPAddress: '172.20.0.55'
  storageConnectivitySwitchless: false
  storageNetworks: [
    {
      adapterName: 'StorageA'
      name: 'Storage1Network'
      vlan: '711'
    }
    {
      adapterName: 'StorageB'
      name: 'Storage2Network'
      vlan: '712'
    }
  ]
  subnetMask: '255.255.255.0'
}
param hciResourceProviderObjectId = '<hciResourceProviderObjectId>'
param name = '<name>'
// Non-required parameters
param deploymentUser = 'deployUser'
param deploymentUserPassword = '<deploymentUserPassword>'
param localAdminPassword = '<localAdminPassword>'
param localAdminUser = 'Administrator'
param servicePrincipalId = '<servicePrincipalId>'
param servicePrincipalSecret = '<servicePrincipalSecret>'
```

</details>
<p>

### Example 2: _Deploy Azure Stack HCI Cluster in Azure with a 2 node switched configuration WAF aligned_

This test deploys an Azure VM to host a 2 node switched Azure Stack HCI cluster, validates the cluster configuration, and then deploys the cluster WAF aligned.

You can find the full example and the setup of its dependencies in the deployment test folder path [/tests/e2e/waf-aligned]


<details>

<summary>via Bicep module</summary>

```bicep
module cluster 'br/public:avm/res/azure-stack-hci/cluster:<version>' = {
  params: {
    // Required parameters
    deploymentSettings: {
      bitlockerBootVolume: true
      bitlockerDataVolumes: true
      clusterNodeNames: '<clusterNodeNames>'
      clusterWitnessStorageAccountName: '<clusterWitnessStorageAccountName>'
      customLocationName: 'ashclwaf-location'
      defaultGateway: '172.20.0.1'
      deploymentPrefix: '<deploymentPrefix>'
      dnsServers: [
        '172.20.0.1'
      ]
      domainFqdn: 'hci.local'
      domainOUPath: '<domainOUPath>'
      driftControlEnforced: true
      enableStorageAutoIp: true
      endingIPAddress: '172.20.0.65'
      keyVaultName: '<keyVaultName>'
      networkIntents: [
        {
          adapter: [
            'FABRIC'
            'FABRIC2'
          ]
          adapterPropertyOverrides: {
            jumboPacket: '9014'
            networkDirect: 'Disabled'
            networkDirectTechnology: 'iWARP'
          }
          name: 'ManagementCompute'
          overrideAdapterProperty: true
          overrideQosPolicy: false
          overrideVirtualSwitchConfiguration: false
          qosPolicyOverrides: {
            bandwidthPercentageSMB: '50'
            priorityValue8021ActionCluster: '7'
            priorityValue8021ActionSMB: '3'
          }
          trafficType: [
            'Compute'
            'Management'
          ]
          virtualSwitchConfigurationOverrides: {
            enableIov: 'true'
            loadBalancingAlgorithm: 'Dynamic'
          }
        }
        {
          adapter: [
            'StorageA'
            'StorageB'
          ]
          adapterPropertyOverrides: {
            jumboPacket: '9014'
            networkDirect: 'Disabled'
            networkDirectTechnology: 'iWARP'
          }
          name: 'Storage'
          overrideAdapterProperty: true
          overrideQosPolicy: true
          overrideVirtualSwitchConfiguration: false
          qosPolicyOverrides: {
            bandwidthPercentageSMB: '50'
            priorityValue8021ActionCluster: '7'
            priorityValue8021ActionSMB: '3'
          }
          trafficType: [
            'Storage'
          ]
          virtualSwitchConfigurationOverrides: {
            enableIov: 'true'
            loadBalancingAlgorithm: 'Dynamic'
          }
        }
      ]
      sideChannelMitigationEnforced: true
      smbClusterEncryption: true
      smbSigningEnforced: true
      startingIPAddress: '172.20.0.55'
      storageConnectivitySwitchless: false
      storageNetworks: [
        {
          adapterName: 'StorageA'
          name: 'Storage1Network'
          vlan: '711'
        }
        {
          adapterName: 'StorageB'
          name: 'Storage2Network'
          vlan: '712'
        }
      ]
      subnetMask: '255.255.255.0'
    }
    hciResourceProviderObjectId: '<hciResourceProviderObjectId>'
    name: '<name>'
    // Non-required parameters
    deploymentUser: 'deployUser'
    deploymentUserPassword: '<deploymentUserPassword>'
    localAdminPassword: '<localAdminPassword>'
    localAdminUser: 'Administrator'
    servicePrincipalId: '<servicePrincipalId>'
    servicePrincipalSecret: '<servicePrincipalSecret>'
    tags: {
      Environment: 'Non-Prod'
      'hidden-title': 'This is visible in the resource name'
      Role: 'DeploymentValidation'
    }
  }
}
```

</details>
<p>

<details>

<summary>via JSON parameters file</summary>

```json
{
  "$schema": "https://schema.management.azure.com/schemas/2019-04-01/deploymentParameters.json#",
  "contentVersion": "1.0.0.0",
  "parameters": {
    // Required parameters
    "deploymentSettings": {
      "value": {
        "bitlockerBootVolume": true,
        "bitlockerDataVolumes": true,
        "clusterNodeNames": "<clusterNodeNames>",
        "clusterWitnessStorageAccountName": "<clusterWitnessStorageAccountName>",
        "customLocationName": "ashclwaf-location",
        "defaultGateway": "172.20.0.1",
        "deploymentPrefix": "<deploymentPrefix>",
        "dnsServers": [
          "172.20.0.1"
        ],
        "domainFqdn": "hci.local",
        "domainOUPath": "<domainOUPath>",
        "driftControlEnforced": true,
        "enableStorageAutoIp": true,
        "endingIPAddress": "172.20.0.65",
        "keyVaultName": "<keyVaultName>",
        "networkIntents": [
          {
            "adapter": [
              "FABRIC",
              "FABRIC2"
            ],
            "adapterPropertyOverrides": {
              "jumboPacket": "9014",
              "networkDirect": "Disabled",
              "networkDirectTechnology": "iWARP"
            },
            "name": "ManagementCompute",
            "overrideAdapterProperty": true,
            "overrideQosPolicy": false,
            "overrideVirtualSwitchConfiguration": false,
            "qosPolicyOverrides": {
              "bandwidthPercentageSMB": "50",
              "priorityValue8021ActionCluster": "7",
              "priorityValue8021ActionSMB": "3"
            },
            "trafficType": [
              "Compute",
              "Management"
            ],
            "virtualSwitchConfigurationOverrides": {
              "enableIov": "true",
              "loadBalancingAlgorithm": "Dynamic"
            }
          },
          {
            "adapter": [
              "StorageA",
              "StorageB"
            ],
            "adapterPropertyOverrides": {
              "jumboPacket": "9014",
              "networkDirect": "Disabled",
              "networkDirectTechnology": "iWARP"
            },
            "name": "Storage",
            "overrideAdapterProperty": true,
            "overrideQosPolicy": true,
            "overrideVirtualSwitchConfiguration": false,
            "qosPolicyOverrides": {
              "bandwidthPercentageSMB": "50",
              "priorityValue8021ActionCluster": "7",
              "priorityValue8021ActionSMB": "3"
            },
            "trafficType": [
              "Storage"
            ],
            "virtualSwitchConfigurationOverrides": {
              "enableIov": "true",
              "loadBalancingAlgorithm": "Dynamic"
            }
          }
        ],
        "sideChannelMitigationEnforced": true,
        "smbClusterEncryption": true,
        "smbSigningEnforced": true,
        "startingIPAddress": "172.20.0.55",
        "storageConnectivitySwitchless": false,
        "storageNetworks": [
          {
            "adapterName": "StorageA",
            "name": "Storage1Network",
            "vlan": "711"
          },
          {
            "adapterName": "StorageB",
            "name": "Storage2Network",
            "vlan": "712"
          }
        ],
        "subnetMask": "255.255.255.0"
      }
    },
    "hciResourceProviderObjectId": {
      "value": "<hciResourceProviderObjectId>"
    },
    "name": {
      "value": "<name>"
    },
    // Non-required parameters
    "deploymentUser": {
      "value": "deployUser"
    },
    "deploymentUserPassword": {
      "value": "<deploymentUserPassword>"
    },
    "localAdminPassword": {
      "value": "<localAdminPassword>"
    },
    "localAdminUser": {
      "value": "Administrator"
    },
    "servicePrincipalId": {
      "value": "<servicePrincipalId>"
    },
    "servicePrincipalSecret": {
      "value": "<servicePrincipalSecret>"
    },
    "tags": {
      "value": {
        "Environment": "Non-Prod",
        "hidden-title": "This is visible in the resource name",
        "Role": "DeploymentValidation"
      }
    }
  }
}
```

</details>
<p>

<details>

<summary>via Bicep parameters file</summary>

```bicep-params
using 'br/public:avm/res/azure-stack-hci/cluster:<version>'

// Required parameters
param deploymentSettings = {
  bitlockerBootVolume: true
  bitlockerDataVolumes: true
  clusterNodeNames: '<clusterNodeNames>'
  clusterWitnessStorageAccountName: '<clusterWitnessStorageAccountName>'
  customLocationName: 'ashclwaf-location'
  defaultGateway: '172.20.0.1'
  deploymentPrefix: '<deploymentPrefix>'
  dnsServers: [
    '172.20.0.1'
  ]
  domainFqdn: 'hci.local'
  domainOUPath: '<domainOUPath>'
  driftControlEnforced: true
  enableStorageAutoIp: true
  endingIPAddress: '172.20.0.65'
  keyVaultName: '<keyVaultName>'
  networkIntents: [
    {
      adapter: [
        'FABRIC'
        'FABRIC2'
      ]
      adapterPropertyOverrides: {
        jumboPacket: '9014'
        networkDirect: 'Disabled'
        networkDirectTechnology: 'iWARP'
      }
      name: 'ManagementCompute'
      overrideAdapterProperty: true
      overrideQosPolicy: false
      overrideVirtualSwitchConfiguration: false
      qosPolicyOverrides: {
        bandwidthPercentageSMB: '50'
        priorityValue8021ActionCluster: '7'
        priorityValue8021ActionSMB: '3'
      }
      trafficType: [
        'Compute'
        'Management'
      ]
      virtualSwitchConfigurationOverrides: {
        enableIov: 'true'
        loadBalancingAlgorithm: 'Dynamic'
      }
    }
    {
      adapter: [
        'StorageA'
        'StorageB'
      ]
      adapterPropertyOverrides: {
        jumboPacket: '9014'
        networkDirect: 'Disabled'
        networkDirectTechnology: 'iWARP'
      }
      name: 'Storage'
      overrideAdapterProperty: true
      overrideQosPolicy: true
      overrideVirtualSwitchConfiguration: false
      qosPolicyOverrides: {
        bandwidthPercentageSMB: '50'
        priorityValue8021ActionCluster: '7'
        priorityValue8021ActionSMB: '3'
      }
      trafficType: [
        'Storage'
      ]
      virtualSwitchConfigurationOverrides: {
        enableIov: 'true'
        loadBalancingAlgorithm: 'Dynamic'
      }
    }
  ]
  sideChannelMitigationEnforced: true
  smbClusterEncryption: true
  smbSigningEnforced: true
  startingIPAddress: '172.20.0.55'
  storageConnectivitySwitchless: false
  storageNetworks: [
    {
      adapterName: 'StorageA'
      name: 'Storage1Network'
      vlan: '711'
    }
    {
      adapterName: 'StorageB'
      name: 'Storage2Network'
      vlan: '712'
    }
  ]
  subnetMask: '255.255.255.0'
}
param hciResourceProviderObjectId = '<hciResourceProviderObjectId>'
param name = '<name>'
// Non-required parameters
param deploymentUser = 'deployUser'
param deploymentUserPassword = '<deploymentUserPassword>'
param localAdminPassword = '<localAdminPassword>'
param localAdminUser = 'Administrator'
param servicePrincipalId = '<servicePrincipalId>'
param servicePrincipalSecret = '<servicePrincipalSecret>'
param tags = {
  Environment: 'Non-Prod'
  'hidden-title': 'This is visible in the resource name'
  Role: 'DeploymentValidation'
}
```

</details>
<p>

## Parameters

**Required parameters**

| Parameter | Type | Description |
| :-- | :-- | :-- |
| [`deploymentSettings`](#parameter-deploymentsettings) | object | The deployment settings of the cluster. |
| [`hciResourceProviderObjectId`](#parameter-hciresourceproviderobjectid) | securestring | The service principal object ID of the Azure Stack HCI Resource Provider in this tenant. Can be fetched via `Get-AzADServicePrincipal -ApplicationId 1412d89f-b8a8-4111-b4fd-e82905cbd85d` after the 'Microsoft.AzureStackHCI' provider was registered in the subscription. |
| [`name`](#parameter-name) | string | The name of the Azure Stack HCI cluster - this will be the name of your cluster in Azure. |

**Conditional parameters**

| Parameter | Type | Description |
| :-- | :-- | :-- |
| [`deploymentUser`](#parameter-deploymentuser) | string | The name of the deployment user. Required if useSharedKeyVault is true. |
| [`deploymentUserPassword`](#parameter-deploymentuserpassword) | securestring | The password of the deployment user. Required if useSharedKeyVault is true. |
| [`localAdminPassword`](#parameter-localadminpassword) | securestring | The password of the local admin user. Required if useSharedKeyVault is true. |
| [`localAdminUser`](#parameter-localadminuser) | string | The name of the local admin user. Required if useSharedKeyVault is true. |
| [`servicePrincipalId`](#parameter-serviceprincipalid) | string | The service principal ID for ARB. Required if useSharedKeyVault is true and need ARB service principal id. |
| [`servicePrincipalSecret`](#parameter-serviceprincipalsecret) | securestring | The service principal secret for ARB. Required if useSharedKeyVault is true and need ARB service principal id. |

**Optional parameters**

| Parameter | Type | Description |
| :-- | :-- | :-- |
| [`azureStackLCMUserCredentialContentType`](#parameter-azurestacklcmusercredentialcontenttype) | string | Content type of the azure stack lcm user credential. |
| [`azureStackLCMUserCredentialTags`](#parameter-azurestacklcmusercredentialtags) | object | Tags of azure stack LCM user credential. |
| [`clusterADName`](#parameter-clusteradname) | string | The name of the Azure Stack HCI cluster - this must be a valid Active Directory computer name. |
| [`createBuiltInRoleAssignments`](#parameter-createbuiltinroleassignments) | bool | Set to false to skip creating built-in role assignments for the HCI resource provider and Arc nodes when RBAC is pre-configured. |
| [`defaultARBApplicationContentType`](#parameter-defaultarbapplicationcontenttype) | string | Content type of the default ARB application. |
| [`defaultARBApplicationTags`](#parameter-defaultarbapplicationtags) | object | Tags of the default ARB application. |
| [`deploymentOperations`](#parameter-deploymentoperations) | array | The cluster deployment operations to execute. Defaults to "[Validate, Deploy]". |
| [`enableTelemetry`](#parameter-enabletelemetry) | bool | Enable/Disable usage telemetry for module. |
| [`keyvaultResourceGroup`](#parameter-keyvaultresourcegroup) | string | Key vault resource group, which is used for for storing secrets for the HCI cluster. |
| [`keyvaultSubscriptionId`](#parameter-keyvaultsubscriptionid) | string | Key vault subscription ID, which is used for for storing secrets for the HCI cluster. |
| [`localAdminCredentialContentType`](#parameter-localadmincredentialcontenttype) | string | Content type of the local admin credential. |
| [`localAdminCredentialTags`](#parameter-localadmincredentialtags) | object | Tags of the local admin credential. |
| [`location`](#parameter-location) | string | Location for all resources. |
| [`operationType`](#parameter-operationtype) | string | The intended operation for a cluster. |
| [`roleAssignments`](#parameter-roleassignments) | array | Array of role assignments to create. |
| [`tags`](#parameter-tags) | object | Tags of the resource. |
| [`useSharedKeyVault`](#parameter-usesharedkeyvault) | bool | Specify whether to use the shared key vault for the HCI cluster. |
| [`witnessStorageAccountResourceGroup`](#parameter-witnessstorageaccountresourcegroup) | string | Storage account resource group, which is used as the witness for the HCI Windows Failover Cluster. |
| [`witnessStorageAccountSubscriptionId`](#parameter-witnessstorageaccountsubscriptionid) | string | Storage account subscription ID, which is used as the witness for the HCI Windows Failover Cluster. |
| [`witnessStoragekeyContentType`](#parameter-witnessstoragekeycontenttype) | string | Content type of the witness storage key. |
| [`witnessStoragekeyTags`](#parameter-witnessstoragekeytags) | object | Tags of the witness storage key. |

### Parameter: `deploymentSettings`

The deployment settings of the cluster.

- Required: Yes
- Type: object

**Required parameters**

| Parameter | Type | Description |
| :-- | :-- | :-- |
| [`clusterNodeNames`](#parameter-deploymentsettingsclusternodenames) | array | Names of the cluster node Arc Machine resources. These are the name of the Arc Machine resources created when the new HCI nodes were Arc initialized. Example: [hci-node-1, hci-node-2]. |
| [`clusterWitnessStorageAccountName`](#parameter-deploymentsettingsclusterwitnessstorageaccountname) | string | The name of the storage account to be used as the witness for the HCI Windows Failover Cluster. |
| [`customLocationName`](#parameter-deploymentsettingscustomlocationname) | string | The name of the Custom Location associated with the Arc Resource Bridge for this cluster. This value should reflect the physical location and identifier of the HCI cluster. Example: cl-hci-den-clu01. |
| [`defaultGateway`](#parameter-deploymentsettingsdefaultgateway) | string | The default gateway of the Management Network. Example: 192.168.0.1. |
| [`deploymentPrefix`](#parameter-deploymentsettingsdeploymentprefix) | string | The prefix for the resource for the deployment. This value is used in key vault and storage account names in this template, as well as for the deploymentSettings.properties.deploymentConfiguration.scaleUnits.deploymentData.namingPrefix property which requires regex pattern: ^[a-zA-Z0-9-]{1,8}$. |
| [`dnsServers`](#parameter-deploymentsettingsdnsservers) | array | The DNS servers accessible from the Management Network for the HCI cluster. |
| [`domainFqdn`](#parameter-deploymentsettingsdomainfqdn) | string | The domain name of the Active Directory Domain Services. Example: "contoso.com". |
| [`domainOUPath`](#parameter-deploymentsettingsdomainoupath) | string | The ADDS OU path - ex "OU=HCI,DC=contoso,DC=com". |
| [`endingIPAddress`](#parameter-deploymentsettingsendingipaddress) | string | The ending IP address for the Infrastructure Network IP pool. There must be at least 6 IPs between startingIPAddress and endingIPAddress and this pool should be not include the node IPs. |
| [`keyVaultName`](#parameter-deploymentsettingskeyvaultname) | string | The name of the key vault to be used for storing secrets for the HCI cluster. This currently needs to be unique per HCI cluster. |
| [`networkIntents`](#parameter-deploymentsettingsnetworkintents) | array | An array of Network ATC Network Intent objects that define the Compute, Management, and Storage network configuration for the cluster. |
| [`startingIPAddress`](#parameter-deploymentsettingsstartingipaddress) | string | The starting IP address for the Infrastructure Network IP pool. There must be at least 6 IPs between startingIPAddress and endingIPAddress and this pool should be not include the node IPs. |
| [`storageConnectivitySwitchless`](#parameter-deploymentsettingsstorageconnectivityswitchless) | bool | Specify whether the Storage Network connectivity is switched or switchless. |
| [`storageNetworks`](#parameter-deploymentsettingsstoragenetworks) | array | An array of JSON objects that define the storage network configuration for the cluster. Each object should contain the adapterName, VLAN properties, and (optionally) IP configurations. |
| [`subnetMask`](#parameter-deploymentsettingssubnetmask) | string | The subnet mask pf the Management Network for the HCI cluster - ex: 255.255.252.0. |

**Optional parameters**

| Parameter | Type | Description |
| :-- | :-- | :-- |
| [`bitlockerBootVolume`](#parameter-deploymentsettingsbitlockerbootvolume) | bool | When set to true, BitLocker XTS_AES 256-bit encryption is enabled for all data-at-rest on the OS volume of your Azure Stack HCI cluster. This setting is TPM-hardware dependent. |
| [`bitlockerDataVolumes`](#parameter-deploymentsettingsbitlockerdatavolumes) | bool | When set to true, BitLocker XTS-AES 256-bit encryption is enabled for all data-at-rest on your Azure Stack HCI cluster shared volumes. |
| [`credentialGuardEnforced`](#parameter-deploymentsettingscredentialguardenforced) | bool | Enables the Credential Guard. |
| [`driftControlEnforced`](#parameter-deploymentsettingsdriftcontrolenforced) | bool | When set to true, the security baseline is re-applied regularly. |
| [`drtmProtection`](#parameter-deploymentsettingsdrtmprotection) | bool | The hardware-dependent Secure Boot setting. |
| [`enableStorageAutoIp`](#parameter-deploymentsettingsenablestorageautoip) | bool | Enable storage auto IP assignment. This should be true for most deployments except when deploying a three-node switchless cluster, in which case storage IPs should be configured before deployment and this value set to false. |
| [`episodicDataUpload`](#parameter-deploymentsettingsepisodicdataupload) | bool | The diagnostic data for deploying a HCI cluster. |
| [`hvciProtection`](#parameter-deploymentsettingshvciprotection) | bool | The Hypervisor-protected Code Integrity setting. |
| [`isEuropeanUnionLocation`](#parameter-deploymentsettingsiseuropeanunionlocation) | bool | The location data for deploying a HCI cluster. |
| [`partnerCredentialList`](#parameter-deploymentsettingspartnercredentiallist) | array | Solution builder extension (SBE) partner credential properties. |
| [`partnerProperties`](#parameter-deploymentsettingspartnerproperties) | array | Solution builder extension (SBE) partner properties. |
| [`physicalNodesSettings`](#parameter-deploymentsettingsphysicalnodessettings) | array | Physical node settings to pass through to the deployment settings resource. If not provided, the module derives node IPs from Arc edgeDevices. |
| [`sbeFamily`](#parameter-deploymentsettingssbefamily) | string | Solution builder extension (SBE) family value. |
| [`sbeManifestCreationDate`](#parameter-deploymentsettingssbemanifestcreationdate) | string | Solution builder extension (SBE) creation date. |
| [`sbeManifestSource`](#parameter-deploymentsettingssbemanifestsource) | string | Solution builder extension (SBE) manifest source. |
| [`sbePublisher`](#parameter-deploymentsettingssbepublisher) | string | Solution builder extension (SBE) publisher name. |
| [`sbeVersion`](#parameter-deploymentsettingssbeversion) | string | Solution builder extension (SBE) version. |
| [`sideChannelMitigationEnforced`](#parameter-deploymentsettingssidechannelmitigationenforced) | bool | When set to true, all the side channel mitigations are enabled. |
| [`smbClusterEncryption`](#parameter-deploymentsettingssmbclusterencryption) | bool | When set to true, cluster east-west traffic is encrypted. |
| [`smbSigningEnforced`](#parameter-deploymentsettingssmbsigningenforced) | bool | When set to true, the SMB default instance requires sign in for the client and server services. |
| [`storageConfigurationMode`](#parameter-deploymentsettingsstorageconfigurationmode) | string | The storage volume configuration mode. See documentation for details. |
| [`streamingDataClient`](#parameter-deploymentsettingsstreamingdataclient) | bool | The metrics data for deploying a HCI cluster. |
| [`useDhcp`](#parameter-deploymentsettingsusedhcp) | bool | If true, the infrastructure network uses DHCP. If false, static IP pools are used. |
| [`wdacEnforced`](#parameter-deploymentsettingswdacenforced) | bool | Limits the applications and the code that you can run on your Azure Stack HCI cluster. |
| [`witnessType`](#parameter-deploymentsettingswitnesstype) | string | Witness type for the cluster. Use `No Witness` to omit witness configuration in the RP payload. |

### Parameter: `deploymentSettings.clusterNodeNames`

Names of the cluster node Arc Machine resources. These are the name of the Arc Machine resources created when the new HCI nodes were Arc initialized. Example: [hci-node-1, hci-node-2].

- Required: Yes
- Type: array

### Parameter: `deploymentSettings.clusterWitnessStorageAccountName`

The name of the storage account to be used as the witness for the HCI Windows Failover Cluster.

- Required: Yes
- Type: string

### Parameter: `deploymentSettings.customLocationName`

The name of the Custom Location associated with the Arc Resource Bridge for this cluster. This value should reflect the physical location and identifier of the HCI cluster. Example: cl-hci-den-clu01.

- Required: Yes
- Type: string

### Parameter: `deploymentSettings.defaultGateway`

The default gateway of the Management Network. Example: 192.168.0.1.

- Required: Yes
- Type: string

### Parameter: `deploymentSettings.deploymentPrefix`

The prefix for the resource for the deployment. This value is used in key vault and storage account names in this template, as well as for the deploymentSettings.properties.deploymentConfiguration.scaleUnits.deploymentData.namingPrefix property which requires regex pattern: ^[a-zA-Z0-9-]{1,8}$.

- Required: Yes
- Type: string

### Parameter: `deploymentSettings.dnsServers`

The DNS servers accessible from the Management Network for the HCI cluster.

- Required: Yes
- Type: array

### Parameter: `deploymentSettings.domainFqdn`

The domain name of the Active Directory Domain Services. Example: "contoso.com".

- Required: Yes
- Type: string

### Parameter: `deploymentSettings.domainOUPath`

The ADDS OU path - ex "OU=HCI,DC=contoso,DC=com".

- Required: Yes
- Type: string

### Parameter: `deploymentSettings.endingIPAddress`

The ending IP address for the Infrastructure Network IP pool. There must be at least 6 IPs between startingIPAddress and endingIPAddress and this pool should be not include the node IPs.

- Required: Yes
- Type: string

### Parameter: `deploymentSettings.keyVaultName`

The name of the key vault to be used for storing secrets for the HCI cluster. This currently needs to be unique per HCI cluster.

- Required: Yes
- Type: string

### Parameter: `deploymentSettings.networkIntents`

An array of Network ATC Network Intent objects that define the Compute, Management, and Storage network configuration for the cluster.

- Required: Yes
- Type: array

**Required parameters**

| Parameter | Type | Description |
| :-- | :-- | :-- |
| [`adapter`](#parameter-deploymentsettingsnetworkintentsadapter) | array | The names of the network adapters to include in the intent. |
| [`adapterPropertyOverrides`](#parameter-deploymentsettingsnetworkintentsadapterpropertyoverrides) | object | The adapter property overrides for the network intent. |
| [`name`](#parameter-deploymentsettingsnetworkintentsname) | string | The name of the network intent. |
| [`overrideAdapterProperty`](#parameter-deploymentsettingsnetworkintentsoverrideadapterproperty) | bool | Specify whether to override the adapter property. Use false by default. |
| [`overrideQosPolicy`](#parameter-deploymentsettingsnetworkintentsoverrideqospolicy) | bool | Specify whether to override the qosPolicy property. Use false by default. |
| [`overrideVirtualSwitchConfiguration`](#parameter-deploymentsettingsnetworkintentsoverridevirtualswitchconfiguration) | bool | Specify whether to override the virtualSwitchConfiguration property. Use false by default. |
| [`trafficType`](#parameter-deploymentsettingsnetworkintentstraffictype) | array | The traffic types for the network intent. |
| [`virtualSwitchConfigurationOverrides`](#parameter-deploymentsettingsnetworkintentsvirtualswitchconfigurationoverrides) | object | The virtualSwitchConfiguration overrides for the network intent. |

**Optional parameters**

| Parameter | Type | Description |
| :-- | :-- | :-- |
| [`qosPolicyOverrides`](#parameter-deploymentsettingsnetworkintentsqospolicyoverrides) | object | The qosPolicy overrides for the network intent. Required when overrideQosPolicy is true. |

### Parameter: `deploymentSettings.networkIntents.adapter`

The names of the network adapters to include in the intent.

- Required: Yes
- Type: array

### Parameter: `deploymentSettings.networkIntents.adapterPropertyOverrides`

The adapter property overrides for the network intent.

- Required: Yes
- Type: object

**Required parameters**

| Parameter | Type | Description |
| :-- | :-- | :-- |
| [`jumboPacket`](#parameter-deploymentsettingsnetworkintentsadapterpropertyoverridesjumbopacket) | string | The jumboPacket configuration for the network adapters. |
| [`networkDirect`](#parameter-deploymentsettingsnetworkintentsadapterpropertyoverridesnetworkdirect) | string | The networkDirect configuration for the network adapters. |

**Optional parameters**

| Parameter | Type | Description |
| :-- | :-- | :-- |
| [`networkDirectTechnology`](#parameter-deploymentsettingsnetworkintentsadapterpropertyoverridesnetworkdirecttechnology) | string | The networkDirectTechnology configuration for the network adapters. |

### Parameter: `deploymentSettings.networkIntents.adapterPropertyOverrides.jumboPacket`

The jumboPacket configuration for the network adapters.

- Required: Yes
- Type: string

### Parameter: `deploymentSettings.networkIntents.adapterPropertyOverrides.networkDirect`

The networkDirect configuration for the network adapters.

- Required: Yes
- Type: string
- Allowed:
  ```Bicep
  [
    'Disabled'
    'Enabled'
  ]
  ```

### Parameter: `deploymentSettings.networkIntents.adapterPropertyOverrides.networkDirectTechnology`

The networkDirectTechnology configuration for the network adapters.

- Required: No
- Type: string
- Allowed:
  ```Bicep
  [
    ''
    'iWARP'
    'RoCEv2'
  ]
  ```

### Parameter: `deploymentSettings.networkIntents.name`

The name of the network intent.

- Required: Yes
- Type: string

### Parameter: `deploymentSettings.networkIntents.overrideAdapterProperty`

Specify whether to override the adapter property. Use false by default.

- Required: Yes
- Type: bool

### Parameter: `deploymentSettings.networkIntents.overrideQosPolicy`

Specify whether to override the qosPolicy property. Use false by default.

- Required: Yes
- Type: bool

### Parameter: `deploymentSettings.networkIntents.overrideVirtualSwitchConfiguration`

Specify whether to override the virtualSwitchConfiguration property. Use false by default.

- Required: Yes
- Type: bool

### Parameter: `deploymentSettings.networkIntents.trafficType`

The traffic types for the network intent.

- Required: Yes
- Type: array
- Allowed:
  ```Bicep
  [
    'Compute'
    'Management'
    'Storage'
  ]
  ```

### Parameter: `deploymentSettings.networkIntents.virtualSwitchConfigurationOverrides`

The virtualSwitchConfiguration overrides for the network intent.

- Required: Yes
- Type: object

**Required parameters**

| Parameter | Type | Description |
| :-- | :-- | :-- |
| [`enableIov`](#parameter-deploymentsettingsnetworkintentsvirtualswitchconfigurationoverridesenableiov) | string | The enableIov configuration for the network intent. |
| [`loadBalancingAlgorithm`](#parameter-deploymentsettingsnetworkintentsvirtualswitchconfigurationoverridesloadbalancingalgorithm) | string | The loadBalancingAlgorithm configuration for the network intent. |

### Parameter: `deploymentSettings.networkIntents.virtualSwitchConfigurationOverrides.enableIov`

The enableIov configuration for the network intent.

- Required: Yes
- Type: string
- Allowed:
  ```Bicep
  [
    ''
    'false'
    'true'
  ]
  ```

### Parameter: `deploymentSettings.networkIntents.virtualSwitchConfigurationOverrides.loadBalancingAlgorithm`

The loadBalancingAlgorithm configuration for the network intent.

- Required: Yes
- Type: string
- Allowed:
  ```Bicep
  [
    ''
    'Dynamic'
    'HyperVPort'
    'IPHash'
  ]
  ```

### Parameter: `deploymentSettings.networkIntents.qosPolicyOverrides`

The qosPolicy overrides for the network intent. Required when overrideQosPolicy is true.

- Required: No
- Type: object

**Required parameters**

| Parameter | Type | Description |
| :-- | :-- | :-- |
| [`bandwidthPercentageSMB`](#parameter-deploymentsettingsnetworkintentsqospolicyoverridesbandwidthpercentagesmb) | string | The bandwidthPercentage for the network intent. Recommend 50. |
| [`priorityValue8021ActionCluster`](#parameter-deploymentsettingsnetworkintentsqospolicyoverridespriorityvalue8021actioncluster) | string | Recommend 7. |
| [`priorityValue8021ActionSMB`](#parameter-deploymentsettingsnetworkintentsqospolicyoverridespriorityvalue8021actionsmb) | string | Recommend 3. |

### Parameter: `deploymentSettings.networkIntents.qosPolicyOverrides.bandwidthPercentageSMB`

The bandwidthPercentage for the network intent. Recommend 50.

- Required: Yes
- Type: string

### Parameter: `deploymentSettings.networkIntents.qosPolicyOverrides.priorityValue8021ActionCluster`

Recommend 7.

- Required: Yes
- Type: string

### Parameter: `deploymentSettings.networkIntents.qosPolicyOverrides.priorityValue8021ActionSMB`

Recommend 3.

- Required: Yes
- Type: string

### Parameter: `deploymentSettings.startingIPAddress`

The starting IP address for the Infrastructure Network IP pool. There must be at least 6 IPs between startingIPAddress and endingIPAddress and this pool should be not include the node IPs.

- Required: Yes
- Type: string

### Parameter: `deploymentSettings.storageConnectivitySwitchless`

Specify whether the Storage Network connectivity is switched or switchless.

- Required: Yes
- Type: bool

### Parameter: `deploymentSettings.storageNetworks`

An array of JSON objects that define the storage network configuration for the cluster. Each object should contain the adapterName, VLAN properties, and (optionally) IP configurations.

- Required: Yes
- Type: array

**Required parameters**

| Parameter | Type | Description |
| :-- | :-- | :-- |
| [`adapterName`](#parameter-deploymentsettingsstoragenetworksadaptername) | string | The name of the storage adapter. |
| [`name`](#parameter-deploymentsettingsstoragenetworksname) | string | The name of the storage network. |
| [`vlan`](#parameter-deploymentsettingsstoragenetworksvlan) | string | The VLAN for the storage adapter. |

**Optional parameters**

| Parameter | Type | Description |
| :-- | :-- | :-- |
| [`storageAdapterIPInfo`](#parameter-deploymentsettingsstoragenetworksstorageadapteripinfo) | array | The storage adapter IP information for 3-node switchless or manual config deployments. |

### Parameter: `deploymentSettings.storageNetworks.adapterName`

The name of the storage adapter.

- Required: Yes
- Type: string

### Parameter: `deploymentSettings.storageNetworks.name`

The name of the storage network.

- Required: Yes
- Type: string

### Parameter: `deploymentSettings.storageNetworks.vlan`

The VLAN for the storage adapter.

- Required: Yes
- Type: string

### Parameter: `deploymentSettings.storageNetworks.storageAdapterIPInfo`

The storage adapter IP information for 3-node switchless or manual config deployments.

- Required: No
- Type: array

**Required parameters**

| Parameter | Type | Description |
| :-- | :-- | :-- |
| [`ipv4Address`](#parameter-deploymentsettingsstoragenetworksstorageadapteripinfoipv4address) | string | The IPv4 address for the storage adapter. |
| [`physicalNode`](#parameter-deploymentsettingsstoragenetworksstorageadapteripinfophysicalnode) | string | The HCI node name. |
| [`subnetMask`](#parameter-deploymentsettingsstoragenetworksstorageadapteripinfosubnetmask) | string | The subnet mask for the storage adapter. |

### Parameter: `deploymentSettings.storageNetworks.storageAdapterIPInfo.ipv4Address`

The IPv4 address for the storage adapter.

- Required: Yes
- Type: string

### Parameter: `deploymentSettings.storageNetworks.storageAdapterIPInfo.physicalNode`

The HCI node name.

- Required: Yes
- Type: string

### Parameter: `deploymentSettings.storageNetworks.storageAdapterIPInfo.subnetMask`

The subnet mask for the storage adapter.

- Required: Yes
- Type: string

### Parameter: `deploymentSettings.subnetMask`

The subnet mask pf the Management Network for the HCI cluster - ex: 255.255.252.0.

- Required: Yes
- Type: string

### Parameter: `deploymentSettings.bitlockerBootVolume`

When set to true, BitLocker XTS_AES 256-bit encryption is enabled for all data-at-rest on the OS volume of your Azure Stack HCI cluster. This setting is TPM-hardware dependent.

- Required: No
- Type: bool

### Parameter: `deploymentSettings.bitlockerDataVolumes`

When set to true, BitLocker XTS-AES 256-bit encryption is enabled for all data-at-rest on your Azure Stack HCI cluster shared volumes.

- Required: No
- Type: bool

### Parameter: `deploymentSettings.credentialGuardEnforced`

Enables the Credential Guard.

- Required: No
- Type: bool

### Parameter: `deploymentSettings.driftControlEnforced`

When set to true, the security baseline is re-applied regularly.

- Required: No
- Type: bool

### Parameter: `deploymentSettings.drtmProtection`

The hardware-dependent Secure Boot setting.

- Required: No
- Type: bool

### Parameter: `deploymentSettings.enableStorageAutoIp`

Enable storage auto IP assignment. This should be true for most deployments except when deploying a three-node switchless cluster, in which case storage IPs should be configured before deployment and this value set to false.

- Required: No
- Type: bool

### Parameter: `deploymentSettings.episodicDataUpload`

The diagnostic data for deploying a HCI cluster.

- Required: No
- Type: bool

### Parameter: `deploymentSettings.hvciProtection`

The Hypervisor-protected Code Integrity setting.

- Required: No
- Type: bool

### Parameter: `deploymentSettings.isEuropeanUnionLocation`

The location data for deploying a HCI cluster.

- Required: No
- Type: bool

### Parameter: `deploymentSettings.partnerCredentialList`

Solution builder extension (SBE) partner credential properties.

- Required: No
- Type: array

### Parameter: `deploymentSettings.partnerProperties`

Solution builder extension (SBE) partner properties.

- Required: No
- Type: array

### Parameter: `deploymentSettings.physicalNodesSettings`

Physical node settings to pass through to the deployment settings resource. If not provided, the module derives node IPs from Arc edgeDevices.

- Required: No
- Type: array

**Required parameters**

| Parameter | Type | Description |
| :-- | :-- | :-- |
| [`ipv4Address`](#parameter-deploymentsettingsphysicalnodessettingsipv4address) | string | The IPv4 address of the physical node. |
| [`name`](#parameter-deploymentsettingsphysicalnodessettingsname) | string | The name of the physical node. This should match the Arc machine display name for the node. |

### Parameter: `deploymentSettings.physicalNodesSettings.ipv4Address`

The IPv4 address of the physical node.

- Required: Yes
- Type: string

### Parameter: `deploymentSettings.physicalNodesSettings.name`

The name of the physical node. This should match the Arc machine display name for the node.

- Required: Yes
- Type: string

### Parameter: `deploymentSettings.sbeFamily`

Solution builder extension (SBE) family value.

- Required: No
- Type: string

### Parameter: `deploymentSettings.sbeManifestCreationDate`

Solution builder extension (SBE) creation date.

- Required: No
- Type: string

### Parameter: `deploymentSettings.sbeManifestSource`

Solution builder extension (SBE) manifest source.

- Required: No
- Type: string

### Parameter: `deploymentSettings.sbePublisher`

Solution builder extension (SBE) publisher name.

- Required: No
- Type: string

### Parameter: `deploymentSettings.sbeVersion`

Solution builder extension (SBE) version.

- Required: No
- Type: string

### Parameter: `deploymentSettings.sideChannelMitigationEnforced`

When set to true, all the side channel mitigations are enabled.

- Required: No
- Type: bool

### Parameter: `deploymentSettings.smbClusterEncryption`

When set to true, cluster east-west traffic is encrypted.

- Required: No
- Type: bool

### Parameter: `deploymentSettings.smbSigningEnforced`

When set to true, the SMB default instance requires sign in for the client and server services.

- Required: No
- Type: bool

### Parameter: `deploymentSettings.storageConfigurationMode`

The storage volume configuration mode. See documentation for details.

- Required: No
- Type: string
- Allowed:
  ```Bicep
  [
    'Express'
    'InfraOnly'
    'KeepStorage'
  ]
  ```

### Parameter: `deploymentSettings.streamingDataClient`

The metrics data for deploying a HCI cluster.

- Required: No
- Type: bool

### Parameter: `deploymentSettings.useDhcp`

If true, the infrastructure network uses DHCP. If false, static IP pools are used.

- Required: No
- Type: bool

### Parameter: `deploymentSettings.wdacEnforced`

Limits the applications and the code that you can run on your Azure Stack HCI cluster.

- Required: No
- Type: bool

### Parameter: `deploymentSettings.witnessType`

Witness type for the cluster. Use `No Witness` to omit witness configuration in the RP payload.

- Required: No
- Type: string
- Allowed:
  ```Bicep
  [
    'Cloud'
    'No Witness'
  ]
  ```

### Parameter: `hciResourceProviderObjectId`

The service principal object ID of the Azure Stack HCI Resource Provider in this tenant. Can be fetched via `Get-AzADServicePrincipal -ApplicationId 1412d89f-b8a8-4111-b4fd-e82905cbd85d` after the 'Microsoft.AzureStackHCI' provider was registered in the subscription.

- Required: Yes
- Type: securestring

### Parameter: `name`

The name of the Azure Stack HCI cluster - this will be the name of your cluster in Azure.

- Required: Yes
- Type: string

### Parameter: `deploymentUser`

The name of the deployment user. Required if useSharedKeyVault is true.

- Required: No
- Type: string

### Parameter: `deploymentUserPassword`

The password of the deployment user. Required if useSharedKeyVault is true.

- Required: No
- Type: securestring

### Parameter: `localAdminPassword`

The password of the local admin user. Required if useSharedKeyVault is true.

- Required: No
- Type: securestring

### Parameter: `localAdminUser`

The name of the local admin user. Required if useSharedKeyVault is true.

- Required: No
- Type: string

### Parameter: `servicePrincipalId`

The service principal ID for ARB. Required if useSharedKeyVault is true and need ARB service principal id.

- Required: No
- Type: string

### Parameter: `servicePrincipalSecret`

The service principal secret for ARB. Required if useSharedKeyVault is true and need ARB service principal id.

- Required: No
- Type: securestring

### Parameter: `azureStackLCMUserCredentialContentType`

Content type of the azure stack lcm user credential.

- Required: No
- Type: string
- Default: `'Secret'`

### Parameter: `azureStackLCMUserCredentialTags`

Tags of azure stack LCM user credential.

- Required: No
- Type: object

### Parameter: `clusterADName`

The name of the Azure Stack HCI cluster - this must be a valid Active Directory computer name.

- Required: No
- Type: string

### Parameter: `createBuiltInRoleAssignments`

Set to false to skip creating built-in role assignments for the HCI resource provider and Arc nodes when RBAC is pre-configured.

- Required: No
- Type: bool
- Default: `True`

### Parameter: `defaultARBApplicationContentType`

Content type of the default ARB application.

- Required: No
- Type: string
- Default: `'Secret'`

### Parameter: `defaultARBApplicationTags`

Tags of the default ARB application.

- Required: No
- Type: object

### Parameter: `deploymentOperations`

The cluster deployment operations to execute. Defaults to "[Validate, Deploy]".

- Required: No
- Type: array
- Default:
  ```Bicep
  [
    'Deploy'
    'Validate'
  ]
  ```
- Allowed:
  ```Bicep
  [
    'Deploy'
    'Validate'
  ]
  ```

### Parameter: `enableTelemetry`

Enable/Disable usage telemetry for module.

- Required: No
- Type: bool
- Default: `True`

### Parameter: `keyvaultResourceGroup`

Key vault resource group, which is used for for storing secrets for the HCI cluster.

- Required: No
- Type: string

### Parameter: `keyvaultSubscriptionId`

Key vault subscription ID, which is used for for storing secrets for the HCI cluster.

- Required: No
- Type: string

### Parameter: `localAdminCredentialContentType`

Content type of the local admin credential.

- Required: No
- Type: string
- Default: `'Secret'`

### Parameter: `localAdminCredentialTags`

Tags of the local admin credential.

- Required: No
- Type: object

### Parameter: `location`

Location for all resources.

- Required: No
- Type: string
- Default: `[resourceGroup().location]`

### Parameter: `operationType`

The intended operation for a cluster.

- Required: No
- Type: string
- Default: `'ClusterProvisioning'`
- Allowed:
  ```Bicep
  [
    'ClusterProvisioning'
    'ClusterUpgrade'
  ]
  ```

### Parameter: `roleAssignments`

Array of role assignments to create.

- Required: No
- Type: array
- Roles configurable by name:
  - `'Contributor'`
  - `'Owner'`
  - `'Reader'`
  - `'Role Based Access Control Administrator'`
  - `'User Access Administrator'`
  - `'Azure Stack HCI Administrator'`
  - `'Windows Admin Center Administrator Login'`

**Required parameters**

| Parameter | Type | Description |
| :-- | :-- | :-- |
| [`principalId`](#parameter-roleassignmentsprincipalid) | string | The principal ID of the principal (user/group/identity) to assign the role to. |
| [`roleDefinitionIdOrName`](#parameter-roleassignmentsroledefinitionidorname) | string | The role to assign. You can provide either the display name of the role definition, the role definition GUID, or its fully qualified ID in the following format: '/providers/Microsoft.Authorization/roleDefinitions/c2f4ef07-c644-48eb-af81-4b1b4947fb11'. |

**Optional parameters**

| Parameter | Type | Description |
| :-- | :-- | :-- |
| [`condition`](#parameter-roleassignmentscondition) | string | The conditions on the role assignment. This limits the resources it can be assigned to. e.g.: @Resource[Microsoft.Storage/storageAccounts/blobServices/containers:ContainerName] StringEqualsIgnoreCase "foo_storage_container". |
| [`conditionVersion`](#parameter-roleassignmentsconditionversion) | string | Version of the condition. |
| [`delegatedManagedIdentityResourceId`](#parameter-roleassignmentsdelegatedmanagedidentityresourceid) | string | The Resource Id of the delegated managed identity resource. |
| [`description`](#parameter-roleassignmentsdescription) | string | The description of the role assignment. |
| [`name`](#parameter-roleassignmentsname) | string | The name (as GUID) of the role assignment. If not provided, a GUID will be generated. |
| [`principalType`](#parameter-roleassignmentsprincipaltype) | string | The principal type of the assigned principal ID. |

### Parameter: `roleAssignments.principalId`

The principal ID of the principal (user/group/identity) to assign the role to.

- Required: Yes
- Type: string

### Parameter: `roleAssignments.roleDefinitionIdOrName`

The role to assign. You can provide either the display name of the role definition, the role definition GUID, or its fully qualified ID in the following format: '/providers/Microsoft.Authorization/roleDefinitions/c2f4ef07-c644-48eb-af81-4b1b4947fb11'.

- Required: Yes
- Type: string

### Parameter: `roleAssignments.condition`

The conditions on the role assignment. This limits the resources it can be assigned to. e.g.: @Resource[Microsoft.Storage/storageAccounts/blobServices/containers:ContainerName] StringEqualsIgnoreCase "foo_storage_container".

- Required: No
- Type: string

### Parameter: `roleAssignments.conditionVersion`

Version of the condition.

- Required: No
- Type: string
- Allowed:
  ```Bicep
  [
    '2.0'
  ]
  ```

### Parameter: `roleAssignments.delegatedManagedIdentityResourceId`

The Resource Id of the delegated managed identity resource.

- Required: No
- Type: string

### Parameter: `roleAssignments.description`

The description of the role assignment.

- Required: No
- Type: string

### Parameter: `roleAssignments.name`

The name (as GUID) of the role assignment. If not provided, a GUID will be generated.

- Required: No
- Type: string

### Parameter: `roleAssignments.principalType`

The principal type of the assigned principal ID.

- Required: No
- Type: string
- Allowed:
  ```Bicep
  [
    'Device'
    'ForeignGroup'
    'Group'
    'ServicePrincipal'
    'User'
  ]
  ```

### Parameter: `tags`

Tags of the resource.

- Required: No
- Type: object

### Parameter: `useSharedKeyVault`

Specify whether to use the shared key vault for the HCI cluster.

- Required: No
- Type: bool
- Default: `True`

### Parameter: `witnessStorageAccountResourceGroup`

Storage account resource group, which is used as the witness for the HCI Windows Failover Cluster.

- Required: No
- Type: string

### Parameter: `witnessStorageAccountSubscriptionId`

Storage account subscription ID, which is used as the witness for the HCI Windows Failover Cluster.

- Required: No
- Type: string

### Parameter: `witnessStoragekeyContentType`

Content type of the witness storage key.

- Required: No
- Type: string
- Default: `'Secret'`

### Parameter: `witnessStoragekeyTags`

Tags of the witness storage key.

- Required: No
- Type: object

## Outputs

| Output | Type | Description |
| :-- | :-- | :-- |
| `location` | string | The location of the cluster. |
| `name` | string | The name of the cluster. |
| `resourceGroupName` | string | The resource group of the cluster. |
| `resourceId` | string | The ID of the cluster. |
| `systemAssignedMIPrincipalId` | string | The managed identity of the cluster. |
| `vSwitchName` | string | The name of the vSwitch. |

## Cross-referenced modules

This section gives you an overview of all local-referenced module files (i.e., other modules that are referenced in this module) and all remote-referenced files (i.e., Bicep modules that are referenced from a Bicep Registry or Template Specs).

| Reference | Type |
| :-- | :-- |
| `br/public:avm/utl/types/avm-common-types:0.5.1` | Remote reference |

## Notes

This module requires prerequisites, that can't be done via ARM/Bicep directly.

### Required Azure Role Assignments

To successfully deploy and manage Azure Stack HCI clusters, ensure the following service principals have the appropriate role assignments at the subscription level:

#### 1. Service Principal Permissions

The service principal referenced as `CI-arbDeploymentAppId` in the Key Vault must have the following roles assigned:

- **Contributor** - For resource operations
- **Reader** - For read access to resources
- **Azure Connected Machine Onboarding** - For onboarding Azure Arc-enabled servers
- **Azure Connected Machine Resource Administrator** - For managing Arc-enabled server resources
- **Key Vault Secrets Officer** - For managing Key Vault secrets
- **User Access Administrator** - For managing role assignments

#### 2. Microsoft.AzureStackHCI Resource Provider Permissions

The Microsoft.AzureStackHCI Resource Provider must have the following role assigned:

- **Azure Connected Machine Resource Manager** - Required for extension reconciliation and hybrid compute operations

To find the correct service principal for role assignment:

1. Use the client ID `1412d89f-b8a8-4111-b4fd-e82905cbd85d` to locate the Microsoft.AzureStackHCI service principal

2. Use the Object ID of this service principal for role assignment

## Data Collection

The software may collect information about you and your use of the software and send it to Microsoft. Microsoft may use this information to provide services and improve our products and services. You may turn off the telemetry as described in the [repository](https://aka.ms/avm/telemetry). There are also some features in the software that may enable you and Microsoft to collect data from users of your applications. If you use these features, you must comply with applicable law, including providing appropriate notices to users of your applications together with a copy of Microsoft's privacy statement. Our privacy statement is located at <https://go.microsoft.com/fwlink/?LinkID=824704>. You can learn more about data collection and use in the help documentation and our privacy statement. Your use of the software operates as your consent to these practices.

File [C:\Users\chchoudha\repo\bicep-registry-modules\avm\res\azure-stack-hci\cluster\README.md] updated
   [+] [azure-stack-hci/cluster] Set-ModuleReadMe script should not apply any updates.
 16.13s (16.13s|1ms)
 Context Compiled ARM template tests
C:\Users\chchoudha\repo\bicep-registry-modules\avm\res\azure-stack-hci\cluster\main.bicep(272,22) : Warning BCP081: Resource type "Microsoft.AzureStackHCI/edgeDevices@2025-10-01" does not have types available. Bicep is unable to validate resource properties prior to deployment, but this will not block the resource from being deployed. [https://aka.ms/bicep/core-diagnostics#BCP081]
C:\Users\chchoudha\repo\bicep-registry-modules\avm\res\azure-stack-hci\cluster\main.bicep(286,18) : Warning BCP081: Resource type "Microsoft.AzureStackHCI/clusters@2025-10-01" does not have types available. Bicep is unable to validate resource properties prior to deployment, but this will not block the resource from being deployed. [https://aka.ms/bicep/core-diagnostics#BCP081]
C:\Users\chchoudha\repo\bicep-registry-modules\avm\res\azure-stack-hci\cluster\main.bicep(293,9) : Warning BCP321: Expected a value of type "Tags" but the provided value is of type "null | object". [https://aka.ms/bicep/core-diagnostics#BCP321]
C:\Users\chchoudha\repo\bicep-registry-modules\avm\res\azure-stack-hci\cluster\deployment-setting\main.bicep(214,18) : Warning BCP081: Resource type "Microsoft.AzureStackHCI/clusters@2025-10-01" does not have types available. Bicep is unable to validate resource properties prior to deployment, but this will not block the resource from being deployed. [https://aka.ms/bicep/core-diagnostics#BCP081]
C:\Users\chchoudha\repo\bicep-registry-modules\avm\res\azure-stack-hci\cluster\deployment-setting\main.bicep(226,29) : Warning BCP081: Resource type "Microsoft.AzureStackHCI/clusters/deploymentSettings@2025-10-01" does not have types available. Bicep is unable to validate resource properties prior to deployment, but this will not block the resource from being deployed. [https://aka.ms/bicep/core-diagnostics#BCP081]
C:\Users\chchoudha\repo\bicep-registry-modules\avm\res\azure-stack-hci\cluster\modules\secrets.bicep(74,67) : Warning use-recent-api-versions: Use more recent API version for 'Microsoft.Storage/storageAccounts'. '2023-01-01' is 1181 days old, should be no more than 730 days old, or the most recent. Acceptable versions: 2025-06-01, 2025-01-01 [https://aka.ms/bicep/linter-diagnostics#use-recent-api-versions]
C:\Users\chchoudha\repo\bicep-registry-modules\avm\res\azure-stack-hci\cluster\modules\secrets.bicep(79,46) : Warning use-recent-api-versions: Use more recent API version for 'Microsoft.KeyVault/vaults'. '2021-06-01-preview' is 1760 days old, should be no more than 730 days old, or the most recent. Acceptable versions: 2025-05-01, 2024-11-01 [https://aka.ms/bicep/linter-diagnostics#use-recent-api-versions]
C:\Users\chchoudha\repo\bicep-registry-modules\avm\res\azure-stack-hci\cluster\modules\secrets.bicep(107,73) : Warning use-recent-api-versions: Use more recent API version for 'Microsoft.KeyVault/vaults/secrets'. '2021-06-01-preview' is 1760 days old, should be no more than 730 days old, or the most recent. Acceptable versions: 2025-05-01, 2024-11-01 [https://aka.ms/bicep/linter-diagnostics#use-recent-api-versions]
C:\Users\chchoudha\repo\bicep-registry-modules\avm\res\azure-stack-hci\cluster\modules\secrets.bicep(121,66) : Warning use-recent-api-versions: Use more recent API version for 'Microsoft.KeyVault/vaults/secrets'. '2021-06-01-preview' is 1760 days old, should be no more than 730 days old, or the most recent. Acceptable versions: 2025-05-01, 2024-11-01 [https://aka.ms/bicep/linter-diagnostics#use-recent-api-versions]
C:\Users\chchoudha\repo\bicep-registry-modules\avm\res\azure-stack-hci\cluster\modules\secrets.bicep(135,63) : Warning use-recent-api-versions: Use more recent API version for 'Microsoft.KeyVault/vaults/secrets'. '2021-06-01-preview' is 1760 days old, should be no more than 730 days old, or the most recent. Acceptable versions: 2025-05-01, 2024-11-01 [https://aka.ms/bicep/linter-diagnostics#use-recent-api-versions]
C:\Users\chchoudha\repo\bicep-registry-modules\avm\res\azure-stack-hci\cluster\modules\secrets.bicep(148,67) : Warning use-recent-api-versions: Use more recent API version for 'Microsoft.KeyVault/vaults/secrets'. '2021-06-01-preview' is 1760 days old, should be no more than 730 days old, or the most recent. Acceptable versions: 2025-05-01, 2024-11-01 [https://aka.ms/bicep/linter-diagnostics#use-recent-api-versions]
C:\Users\chchoudha\repo\bicep-registry-modules\avm\res\azure-stack-hci\cluster\modules\secrets.bicep(161,58) : Warning use-recent-api-versions: Use more recent API version for 'Microsoft.KeyVault/vaults/secrets'. '2021-06-01-preview' is 1760 days old, should be no more than 730 days old, or the most recent. Acceptable versions: 2025-05-01, 2024-11-01 [https://aka.ms/bicep/linter-diagnostics#use-recent-api-versions]
   [+] [azure-stack-hci/cluster] The [main.json] ARM template should be based on the current [main.bicep] Bicep template.
 4.45s (4.44s|3ms)
 Context Template tests
  Context General
    [+] [azure-stack-hci/cluster] The template file should not be empty.
 27ms (1ms|27ms)
    [+] [azure-stack-hci/cluster] Template schema version should be the latest.
 1ms (1ms|0ms)
    [+] [azure-stack-hci/cluster] Template schema should use HTTPS reference.
 1ms (1ms|0ms)
    [+] [azure-stack-hci/cluster] The template file should contain required elements [schema], [contentVersion], [resources].
 2ms (1ms|0ms)
    [+] [azure-stack-hci/cluster] template file should have a module name specified.
 3ms (1ms|1ms)
    [+] [azure-stack-hci/cluster] template file should have a module description specified.
 1ms (1ms|0ms)
  Context Parameters
    [+] [azure-stack-hci/cluster] The Location should be defined as a parameter, with the default value of "[resourceGroup().Location]" or "global" for ResourceGroup deployment scope.
 4ms (3ms|1ms)
    [+] [azure-stack-hci/cluster] The telemetry parameter should be present & have the expected type, default value & metadata description.
 3ms (3ms|0ms)
    [+] [azure-stack-hci/cluster] Parameter & UDT names should be camel-cased (no dashes or underscores and must start with lower-case letter).
 2ms (1ms|0ms)
    [+] [azure-stack-hci/cluster] Each parameters' & UDT's description should start with a one word category starting with a capital letter, followed by a dot, a space and the actual description text ending with a dot.
 26ms (26ms|0ms)
    [+] [azure-stack-hci/cluster] Conditional parameters' & UDT's description should contain 'Required if' followed by the condition making the parameter required.
 5ms (4ms|1ms)
    [+] [azure-stack-hci/cluster] All non-required parameters & UDTs in template file should not have description that start with "Required.".
 28ms (27ms|1ms)
    [+] [azure-stack-hci/cluster] All required parameters & UDTs in template file should have description that start with "(Required|Conditional).".
 4ms (3ms|1ms)
All parameters which are of type [object] or [array-of-objects] should implement a user-defined, or resource-derived type. Found incorrect items: 
- azureStackLCMUserCredentialTags
- defaultARBApplicationTags
- localAdminCredentialTags
- tags
- witnessStoragekeyTags

    [+] [azure-stack-hci/cluster] All parameters which are of type [object] or [array-of-objects] should implement a user-defined, or resource-derived type.
 8ms (7ms|1ms)
   Context Schema-based User-defined-types tests
     [!] [azure-stack-hci/cluster] If template has a parameter [diagnosticSettings], it should implement AVM's corresponding user-defined type. is skipped, because the module template has no [diagnosticSettings] parameter.
 2ms (1ms|1ms)
     [+] [azure-stack-hci/cluster] If template has a parameter [roleAssignments], it should implement AVM's corresponding user-defined type.
 1ms (1ms|0ms)
     [!] [azure-stack-hci/cluster] If template has a parameter [lock], it should implement AVM's corresponding user-defined type. is skipped, because the module template has no [lock] parameter.
 1ms (1ms|0ms)
     [!] [azure-stack-hci/cluster] If template has a parameter [managedIdentities], it should implement AVM's corresponding user-defined type. is skipped, because the module template has no [managedIdentities] parameter.
 1ms (1ms|0ms)
     [!] [azure-stack-hci/cluster] If template has a parameter [privateEndpoints], it should implement AVM's corresponding user-defined type. is skipped, because the module template has no [privateEndpoints] parameter.
 2ms (2ms|1ms)
     [!] [azure-stack-hci/cluster] If template has a parameter [customerManagedKey], it should implement AVM's corresponding user-defined type. is skipped, because the module template has no [customerManagedKey] parameter.
 2ms (1ms|1ms)
     [!] [azure-stack-hci/cluster] If a UDT definition [managedIdentitiesType] exists and supports system-assigned-identities, the template should have an output for its principal ID. is skipped, because the module template has no [managedIdentitiesType] UDT definition or does not support system-assigned-identities.
 1ms (1ms|0ms)
     [+] [azure-stack-hci/cluster] If a parameter [tags] exists it should be nullable.
 31ms (1ms|30ms)
  Context Variables
    [+] [azure-stack-hci/cluster] Variable names should be camel-cased (no dashes or underscores and must start with lower-case letter).
 3ms (2ms|2ms)
    [!] [azure-stack-hci/cluster] Variable "enableReferencedModulesTelemetry" should exist and set to "false" if module references other modules with dedicated telemetry (unless multi-scoped). is skipped, because no modules with dedicated telemetry are deployed.
 2ms (2ms|1ms)
  Context Resources
    [+] [azure-stack-hci/cluster] Telemetry deployment should be present in the template.
 2ms (1ms|1ms)
    [+] [azure-stack-hci/cluster] Telemetry deployment should have correct condition in the template.
 2ms (1ms|1ms)
    [+] [azure-stack-hci/cluster] Telemetry deployment should have expected inner output for verbosity.
 4ms (2ms|1ms)
WebRequest: v1.1 GET https://aka.ms/avm/index/bicep/res/csv
WebResponse: 200 OK with text/csv payload
    [+] [azure-stack-hci/cluster] Telemetry deployment should have expected telemetry identifier.
 607ms (606ms|1ms)
    [!] [azure-stack-hci/cluster] For resource modules, telemetry should be disabled for referenced modules with dedicated telemetry (unless multi-scoped). is skipped, because no modules with dedicated telemetry are deployed.
 72ms (71ms|1ms)
  Context Output
    [+] [azure-stack-hci/cluster] Output names should be camel-cased (no dashes or underscores and must start with lower-case letter).
 4ms (2ms|2ms)
    [+] [azure-stack-hci/cluster] Output names description should start with a capital letter and contain text ending with a dot.
 3ms (3ms|0ms)
    [+] [azure-stack-hci/cluster] Location output should be returned for resources that use it.
 1ms (0ms|0ms)
    [+] [azure-stack-hci/cluster] Resource Group output should exist for resources that are deployed into a resource group scope.
 3ms (3ms|1ms)
    [+] [azure-stack-hci/cluster] Resource modules should have a name output.
 5ms (4ms|1ms)
    [+] [azure-stack-hci/cluster] Resource modules should have a Resource ID output.
 54ms (53ms|1ms)
    [!] [azure-stack-hci/cluster] Resource modules Principal ID output should exist, if supported. is skipped, because the module template seems not to support an identity object.
 1ms (1ms|0ms)
  Context UDT-spcific
    [+] [azure-stack-hci/cluster] A UDT should not be of type array, but instead the parameter that uses it. AVM-Spec-Ref: BCPNFR18.
 4ms (3ms|1ms)
    [+] [azure-stack-hci/cluster] A UDT should not be nullable, but instead the parameter that uses it. AVM-Spec-Ref: BCPNFR18.
 2ms (1ms|1ms)
    [+] [azure-stack-hci/cluster] A UDT should always be camel-cased and end with the suffix "Type". AVM-Spec-Ref: BCPNFR19.
 1ms (1ms|0ms)
 Context Changelog tests
   [+] [azure-stack-hci/cluster] CHANGELOG.md must not be empty.
 1ms (0ms|1ms)
   [+] [azure-stack-hci/cluster] CHANGELOG.md must start with #Changelog header, followed by an empty line and a link to the latest version.
 4ms (3ms|1ms)
Currently in the fork branch [avm-res-azure-stack-hci-cluster]
Fetching changes of latest upstream [main] commit [c34c4a1] against current commit [fe1b102].
Diff found:

  The new version equals the old version
[version.json] file version property was not updated. Calculating new PATCH version.
No existing tag for module [avm/res/azure-stack-hci/cluster] starting with version [0.3]
Setting patch version to 0
Target version is [0.3.0].
Looking for modified files under: [C:\Users\chchoudha\repo\bicep-registry-modules\avm\res\azure-stack-hci\cluster/]
Currently in the fork branch [avm-res-azure-stack-hci-cluster]
Fetching changes of latest upstream [main] commit [c34c4a1] against current commit [fe1b102].
Diff found:

[0] modified files identified in path [avm\res\azure-stack-hci\cluster/]:
[0] files identified that justify publishing:
[0] template(s) for modified modules found:
[0] versioned modules to publish
   [!] [azure-stack-hci/cluster] CHANGELOG.md must contain a section for the module version. is skipped, because the module is not going to be published and the version number remains unchanged.
 18.44s (18.44s|1ms)
   [+] [azure-stack-hci/cluster] CHANGELOG.md file's sections must be sorted in a decending order.
 2ms (1ms|1ms)
   [+] [azure-stack-hci/cluster] CHANGELOG.md versions must contain exactly one valid Changes section.
 1ms (1ms|0ms)
   [+] [azure-stack-hci/cluster] CHANGELOG.md versions must contain exactly one valid Breaking Changes section.
 1ms (1ms|0ms)
   [+] [azure-stack-hci/cluster] CHANGELOG.md sections Changes and Breaking Changes must not be empty.
 2ms (1ms|0ms)
   [+] [azure-stack-hci/cluster] CHANGELOG.md versions must contain the Changes section before the Breaking Changes section.
 2ms (1ms|0ms)
Getting available tags at 'https://mcr.microsoft.com/v2/bicep/avm/res/azure-stack-hci/cluster/tags/list' (attempt 1)...
  Found tags: 0.1.0, 0.1.1, 0.1.2, 0.1.3, 0.1.4, 0.1.5, 0.1.6, 0.1.7, 0.1.8, 0.1.9, 0.1.10, 0.1.11, 0.1.12, 0.1.13, 0.2.0
Currently in the fork branch [avm-res-azure-stack-hci-cluster]
Fetching changes of latest upstream [main] commit [c34c4a1] against current commit [fe1b102].
Diff found:

  The new version equals the old version
[version.json] file version property was not updated. Calculating new PATCH version.
No existing tag for module [avm/res/azure-stack-hci/cluster] starting with version [0.3]
Setting patch version to 0
Target version is [0.3.0].
   [+] [azure-stack-hci/cluster] CHANGELOG.md must contain only versions, that are published.
 10.42s (10.42s|0ms)
 Context Version tests
   [+] [azure-stack-hci/cluster] A [ version.json ] file must only have a major & minor version.
 83ms (82ms|1ms)
   [+] [azure-stack-hci/cluster] A [ version.json ] file must not yet contain a major version greater than 0.
 3ms (2ms|0ms)

Describing Governance tests
  [+] [azure-stack-hci/cluster] Owning team should be specified correctly in CODEWONERS file.
 24ms (23ms|1ms)
  [+] [azure-stack-hci/cluster] Module identifier should be listed in issue template in the correct alphabetical position.
 33ms (33ms|1ms)

Describing Test file tests
 Context General test file
   [+] [azure-stack-hci/cluster] Bicep test deployment files should contain a parameter [serviceShort] for test case [defaults]
 6ms (2ms|4ms)
   [+] [azure-stack-hci/cluster] Bicep test deployment files should contain a parameter [serviceShort] for test case [waf-aligned]
 20ms (1ms|19ms)
   [+] [azure-stack-hci/cluster] [defaults] Bicep test deployment files in a [defaults] folder should have a parameter [serviceShort] with a value ending with [min]
 2ms (1ms|0ms)
   [+] [azure-stack-hci/cluster] [waf-aligned] Bicep test deployment files in a [waf-aligned] folder should have a [serviceShort] parameter with a value ending with [waf]
 5ms (4ms|1ms)
   [+] [azure-stack-hci/cluster] Bicep test deployment files should contain a metadata string [name] for test case [defaults]
 3ms (2ms|1ms)
   [+] [azure-stack-hci/cluster] Bicep test deployment files should contain a metadata string [name] for test case [waf-aligned]
 4ms (3ms|0ms)
   [+] [azure-stack-hci/cluster] Bicep test deployment files should contain a metadata string [description] for test case [defaults]
 4ms (3ms|1ms)
   [+] [azure-stack-hci/cluster] Bicep test deployment files should contain a metadata string [description] for test case [waf-aligned]
 4ms (3ms|1ms)
   [+] [azure-stack-hci/cluster] Bicep test deployment files should contain a parameter [namePrefix] with value ['#_namePrefix_#'] for test case [defaults]
 2ms (2ms|1ms)
   [+] [azure-stack-hci/cluster] Bicep test deployment files should contain a parameter [namePrefix] with value ['#_namePrefix_#'] for test case [waf-aligned]
 2ms (1ms|0ms)
   [+] [azure-stack-hci/cluster] Bicep test deployment files should invoke test like [module testDeployment '../.*main.bicep' = [ or {] for test case [defaults]
 18ms (18ms|0ms)
   [+] [azure-stack-hci/cluster] Bicep test deployment files should invoke test like [module testDeployment '../.*main.bicep' = [ or {] for test case [waf-aligned]
 4ms (2ms|1ms)
   [+] [azure-stack-hci/cluster] Bicep test deployment name should contain [-test-] for test case [defaults]
 2ms (1ms|0ms)
   [+] [azure-stack-hci/cluster] Bicep test deployment name should contain [-test-] for test case [waf-aligned]
 2ms (1ms|0ms)
   [+] [azure-stack-hci/cluster] serviceShort should be unique across repository
 1.63s (1.63s|0ms)
   [+] [azure-stack-hci/cluster] serviceShort should be unique across repository
 1.47s (1.47s|1ms)

Describing API version tests
  [+] In [res/azure-stack-hci/cluster] used resource type [roleAssignments] should use one of the recent API version(s). Currently using [2022-04-01].
 2ms (1ms|2ms)
  [+] In [res/azure-stack-hci/cluster] used resource type [clusters] should use one of the recent API version(s). Currently using [2025-10-01].
 2ms (1ms|0ms)
  [+] In [res/azure-stack-hci/cluster] used resource type [clusters/deploymentSettings] should use one of the recent API version(s). Currently using [2025-10-01].
 3ms (1ms|2ms)
  [+] In [res/azure-stack-hci/cluster] used resource type [edgeDevices] should use one of the recent API version(s). Currently using [2025-10-01].
 1ms (1ms|0ms)
The used API version [2021-06-01-preview] is not one of the most recent 5 versions. Please consider upgrading to one of the following 
- 2026-03-01-preview
- 2026-02-01
- 2025-05-01
- 2024-12-01-preview
- 2024-11-01
- 2023-07-01
- 2023-02-01

  [+] In [res/azure-stack-hci/cluster] used resource type [vaults/secrets] should use one of the recent API version(s). Currently using [2021-06-01-preview].
 2ms (1ms|0ms)
  [+] In [res/azure-stack-hci/cluster] used resource type [userAssignedIdentities] should use one of the recent API version(s). Currently using [2024-11-30].
 2ms (2ms|0ms)
  [+] In [res/azure-stack-hci/cluster] used resource type [deploymentScripts] should use one of the recent API version(s). Currently using [2023-08-01].
 2ms (1ms|0ms)
Tests completed in 135.62s
Tests Passed: 92, 
Failed: 0, 
Skipped: 10, 
Inconclusive: 0, 

NotRun: 0
