Running local tests for [marketplace-gallery-image]
Pester Testing Module: marketplace-gallery-image
Pester v5.7.1

Starting discovery in 1 files.
repoRootPath: C:\Users\chchoudha\repo\bicep-registry-modules
moduleFolderPaths: 1
Removing the imported "Test-McrConnection" function.
Removing the imported "Resolve-ReadMeParameterList" function.
Removing the imported "Resolve-DependencyList" function.
Removing the imported "Remove-JSONMetadata" function.
Removing the imported "Get-WorkflowWorkflowDispatchTriggerInputsAsObject" function.
Removing the imported "Get-WorkflowPushTriggerAsObject" function.
Removing the imported "Get-WorkflowEnvVariablesAsObject" function.
Removing the imported "Get-TemplateFileToPublish" function.
Removing the imported "Get-TableStartAndEndIndex" function.
Removing the imported "Get-SpecsAlignedResourceName" function.
Removing the imported "Get-ScopeOfTemplateFile" function.
Removing the imported "Get-ReferenceObject" function.
Removing the imported "Get-ReducedWordString" function.
Removing the imported "Get-PublishedModuleVersionsList" function.
Removing the imported "Get-PipelineFileName" function.
Removing the imported "Get-ParentFolderPathList" function.
Removing the imported "Get-NestedResourceList" function.
Removing the imported "Get-ModuleTargetVersion" function.
Removing the imported "Get-ModulesToPublish" function.
Removing the imported "Get-MarkdownSectionStartIndex" function.
Removing the imported "Get-MarkdownSectionEndIndex" function.
Removing the imported "Get-IsParameterRequired" function.
Removing the imported "Get-GitHubWorkflowDefaultInput" function.
Removing the imported "Get-GitBranchName" function.
Removing the imported "Get-CrossReferencedModuleList" function.
Removing the imported "Get-BRMRepositoryName" function.
Removing the imported "Find-TemplateFile" function.
Removing the imported "ConvertTo-OrderedHashtable" function.
Loading module from path 'C:\Users\chchoudha\repo\bicep-registry-modules\utilities\pipelines\staticValidation\compliance\helper\helper.psm1'.
Exporting function 'Get-NestedResourceList'.
Exporting function 'Get-ScopeOfTemplateFile'.
Exporting function 'Get-PipelineFileName'.
Exporting function 'Get-IsParameterRequired'.
Exporting function 'ConvertTo-OrderedHashtable'.
Exporting function 'Resolve-DependencyList'.
Exporting function 'Get-ReferenceObject'.
Exporting function 'Get-CrossReferencedModuleList'.
Exporting function 'Get-BRMRepositoryName'.
Exporting function 'Get-ModuleTargetVersion'.
Exporting function 'Get-GitHubWorkflowDefaultInput'.
Exporting function 'Get-GitBranchName'.
Exporting function 'Get-TemplateFileToPublish'.
Exporting function 'Find-TemplateFile'.
Exporting function 'Get-ModulesToPublish'.
Exporting function 'Get-PublishedModuleVersionsList'.
Exporting function 'Test-McrConnection'.
Exporting function 'Get-ReducedWordString'.
Exporting function 'Get-SpecsAlignedResourceName'.
Exporting function 'Get-ParentFolderPathList'.
Exporting function 'Get-MarkdownSectionStartIndex'.
Exporting function 'Get-MarkdownSectionEndIndex'.
Exporting function 'Get-TableStartAndEndIndex'.
Exporting function 'Remove-JSONMetadata'.
Exporting function 'Resolve-ReadMeParameterList'.
Exporting function 'Get-WorkflowWorkflowDispatchTriggerInputsAsObject'.
Exporting function 'Get-WorkflowPushTriggerAsObject'.
Exporting function 'Get-WorkflowEnvVariablesAsObject'.
Importing function 'ConvertTo-OrderedHashtable'.
Importing function 'Find-TemplateFile'.
Importing function 'Get-BRMRepositoryName'.
Importing function 'Get-CrossReferencedModuleList'.
Importing function 'Get-GitBranchName'.
Importing function 'Get-GitHubWorkflowDefaultInput'.
Importing function 'Get-IsParameterRequired'.
Importing function 'Get-MarkdownSectionEndIndex'.
Importing function 'Get-MarkdownSectionStartIndex'.
Importing function 'Get-ModulesToPublish'.
Importing function 'Get-ModuleTargetVersion'.
Importing function 'Get-NestedResourceList'.
Importing function 'Get-ParentFolderPathList'.
Importing function 'Get-PipelineFileName'.
Importing function 'Get-PublishedModuleVersionsList'.
Importing function 'Get-ReducedWordString'.
Importing function 'Get-ReferenceObject'.
Importing function 'Get-ScopeOfTemplateFile'.
Importing function 'Get-SpecsAlignedResourceName'.
Importing function 'Get-TableStartAndEndIndex'.
Importing function 'Get-TemplateFileToPublish'.
Importing function 'Get-WorkflowEnvVariablesAsObject'.
Importing function 'Get-WorkflowPushTriggerAsObject'.
Importing function 'Get-WorkflowWorkflowDispatchTriggerInputsAsObject'.
Importing function 'Remove-JSONMetadata'.
Importing function 'Resolve-DependencyList'.
Importing function 'Resolve-ReadMeParameterList'.
Importing function 'Test-McrConnection'.
WebRequest: v1.1 GET https://azure.github.io/Azure-Verified-Modules/governance/apiSpecsList.json
WebResponse: 200 OK with application/json payload
Discovery found 97 tests in 10.38s.
Running tests.

Running tests from 'C:\Users\chchoudha\repo\bicep-registry-modules\utilities\pipelines\staticValidation\compliance\module.tests.ps1'
Describing File/folder tests
 Context General module folder tests
   [+] [azure-stack-hci/marketplace-gallery-image] Module must contain a [ main.bicep ] file.
 7ms (3ms|4ms)
   [+] [azure-stack-hci/marketplace-gallery-image] Module must contain a [ main.json ] file.
 2ms (1ms|1ms)
   [+] [azure-stack-hci/marketplace-gallery-image] Module must contain a [ README.md ] file.
 3ms (3ms|1ms)
   [+] [azure-stack-hci/marketplace-gallery-image] Module must contain a [ CHANGELOG.md ] file.
 30ms (29ms|1ms)
   [+] [azure-stack-hci/marketplace-gallery-image] Resource module (folder) name must be singular, use '-' instead of camel-case and be lower-case (e.g., 'the-cake-is-a-lie').
 3ms (2ms|1ms)
 Context Top level module folder tests
   [+] [res/azure-stack-hci/marketplace-gallery-image] Top-level module must contain a [ version.json ] file, unless multi-scope.
 2ms (1ms|1ms)
   [+] [res/azure-stack-hci/marketplace-gallery-image] Top-level module should contain a [ tests ] folder.
 2ms (2ms|0ms)
   [+] [res/azure-stack-hci/marketplace-gallery-image] Top-level module should contain a [ tests/e2e ] folder.
 3ms (1ms|1ms)
   [+] [res/azure-stack-hci/marketplace-gallery-image] Top-level module should contain a [ tests/e2e/*waf-aligned ] folder.
 3ms (2ms|0ms)
   [+] [res/azure-stack-hci/marketplace-gallery-image] Top-level module should contain one [ main.test.bicep ] file in each e2e test folder.
 3ms (3ms|0ms)
   [+] [res/azure-stack-hci/marketplace-gallery-image] Resource Modules must not skip the "*defaults" or "*waf-aligned" tests with a [ .e2eignore ] file.
 5ms (4ms|0ms)
   [+] [res/azure-stack-hci/marketplace-gallery-image] a [ .e2eignore ] file must contain text, which states the exception reason for not executing the deployment test.
 3ms (2ms|0ms)
WebRequest: v1.1 GET https://aka.ms/avm/index/bicep/res/csv
WebResponse: 200 OK with text/csv payload
   [+] [res/azure-stack-hci/marketplace-gallery-image] Top-level module should contain a [ ORPHANED.md ] file only if orphaned.
 622ms (622ms|0ms)

Describing Pipeline tests
  [+] [azure-stack-hci/marketplace-gallery-image] Module should have a GitHub workflow in path [.github/workflows/avm.res.azure-stack-hci.marketplace-gallery-image.yml].
 2ms (1ms|1ms)
  [+] [azure-stack-hci/marketplace-gallery-image] GitHub workflow [avm.res.azure-stack-hci.marketplace-gallery-image.yml] should have expected environment variables.
 1ms (1ms|0ms)
  [+] [azure-stack-hci/marketplace-gallery-image] GitHub workflow [avm.res.azure-stack-hci.marketplace-gallery-image.yml] should have [workflowPath] environment variable with value [.github/workflows/avm.res.azure-stack-hci.marketplace-gallery-image.yml].
 1ms (1ms|0ms)
  [+] [azure-stack-hci/marketplace-gallery-image] GitHub workflow [avm.res.azure-stack-hci.marketplace-gallery-image.yml] should have [modulePath] environment variable with value [avm/res/azure-stack-hci/marketplace-gallery-image].
 1ms (1ms|0ms)
  [+] [azure-stack-hci/marketplace-gallery-image] GitHub workflow [avm.res.azure-stack-hci.marketplace-gallery-image.yml] should have expected runtime parameters.
 1ms (1ms|0ms)
  [+] [azure-stack-hci/marketplace-gallery-image] GitHub workflow [avm.res.azure-stack-hci.marketplace-gallery-image.yml]'s [staticValidation] runtime parameter should have a default value of [true].
 1ms (1ms|0ms)
  [+] [azure-stack-hci/marketplace-gallery-image] GitHub workflow [avm.res.azure-stack-hci.marketplace-gallery-image.yml]'s [deploymentValidation] runtime parameter should have a default value of [true].
 3ms (2ms|1ms)
  [+] [azure-stack-hci/marketplace-gallery-image] GitHub workflow [avm.res.azure-stack-hci.marketplace-gallery-image.yml]'s [customLocation] runtime parameter should not have a default value.
 3ms (2ms|1ms)
  [+] [azure-stack-hci/marketplace-gallery-image] GitHub workflow [avm.res.azure-stack-hci.marketplace-gallery-image.yml] Should have only the [main] branch as a push trigger.
 3ms (2ms|1ms)
  [+] [azure-stack-hci/marketplace-gallery-image] GitHub workflow [avm.res.azure-stack-hci.marketplace-gallery-image.yml]. Should have the expected push trigger path filters.
 2ms (1ms|1ms)
  [+] [azure-stack-hci/marketplace-gallery-image] GitHub workflow [avm.res.azure-stack-hci.marketplace-gallery-image.yml]. Should only have the expected push trigger path filters.
 2ms (2ms|1ms)
  [+] [azure-stack-hci/marketplace-gallery-image] GitHub workflow [avm.res.azure-stack-hci.marketplace-gallery-image.yml]. Should include a condition to run automatically only on upstream main changes.
 19ms (18ms|1ms)
WebRequest: v1.1 GET https://aka.ms/avm/static/telemetry
WebResponse: 200 OK with text/plain payload

Describing Module tests
 Context Readme content tests
WebRequest: v1.1 GET https://azure.github.io/Azure-Verified-Modules/governance/apiSpecsList.json
WebResponse: 200 OK with application/json payload
New content:
============
# Azure Stack HCI Marketplace Gallery Image `[Microsoft.AzureStackHCI/marketplaceGalleryImages]`

This module deploys an Azure Stack HCI Marketplace Gallery Image.

You can reference the module as follows:
```bicep
module marketplaceGalleryImage 'br/public:avm/res/azure-stack-hci/marketplace-gallery-image:<version>' = {
  params: { (...) }
}
```
For examples, please refer to the [Usage Examples](#usage-examples) section.

## Navigation

- [Resource Types](#Resource-Types)
- [Usage examples](#Usage-examples)
- [Parameters](#Parameters)
- [Outputs](#Outputs)
- [Cross-referenced modules](#Cross-referenced-modules)
- [Data Collection](#Data-Collection)

## Resource Types

| Resource Type | API Version | References |
| :-- | :-- | :-- |
| `Microsoft.Authorization/roleAssignments` | 2022-04-01 | <ul style="padding-left: 0px;"><li>[AzAdvertizer](https://www.azadvertizer.net/azresourcetypes/microsoft.authorization_roleassignments.html)</li><li>[Template reference](https://learn.microsoft.com/en-us/azure/templates/Microsoft.Authorization/2022-04-01/roleAssignments)</li></ul> |
| `Microsoft.AzureStackHCI/marketplaceGalleryImages` | 2025-04-01-preview | <ul style="padding-left: 0px;"><li>[AzAdvertizer](https://www.azadvertizer.net/azresourcetypes/microsoft.azurestackhci_marketplacegalleryimages.html)</li><li>[Template reference](https://learn.microsoft.com/en-us/azure/templates/Microsoft.AzureStackHCI/2025-04-01-preview/marketplaceGalleryImages)</li></ul> |

## Usage examples

The following section provides usage examples for the module, which were used to validate and deploy the module successfully. For a full reference, please review the module's test folder in its repository.

>**Note**: Each example lists all the required parameters first, followed by the rest - each in alphabetical order.

>**Note**: To reference the module, please use the following syntax `br/public:avm/res/azure-stack-hci/marketplace-gallery-image:<version>`.

- [Using only defaults](#example-1-using-only-defaults)
- [WAF-aligned](#example-2-waf-aligned)

### Example 1: _Using only defaults_

This instance deploys the module with the minimum set of required parameters.

You can find the full example and the setup of its dependencies in the deployment test folder path [/tests/e2e/defaults]


<details>

<summary>via Bicep module</summary>

```bicep
module marketplaceGalleryImage 'br/public:avm/res/azure-stack-hci/marketplace-gallery-image:<version>' = {
  params: {
    // Required parameters
    customLocationResourceId: '<customLocationResourceId>'
    identifier: {
      offer: 'WindowsServer'
      publisher: 'MicrosoftWindowsServer'
      sku: '2022-datacenter-azure-edition'
    }
    name: 'ashmgiminmarketplaceimage'
    osType: 'Windows'
    version: {
      name: '20348.2461.240510'
    }
  }
}
```

</details>
<p>

<details>

<summary>via JSON parameters file</summary>

```json
{
  "$schema": "https://schema.management.azure.com/schemas/2019-04-01/deploymentParameters.json#",
  "contentVersion": "1.0.0.0",
  "parameters": {
    // Required parameters
    "customLocationResourceId": {
      "value": "<customLocationResourceId>"
    },
    "identifier": {
      "value": {
        "offer": "WindowsServer",
        "publisher": "MicrosoftWindowsServer",
        "sku": "2022-datacenter-azure-edition"
      }
    },
    "name": {
      "value": "ashmgiminmarketplaceimage"
    },
    "osType": {
      "value": "Windows"
    },
    "version": {
      "value": {
        "name": "20348.2461.240510"
      }
    }
  }
}
```

</details>
<p>

<details>

<summary>via Bicep parameters file</summary>

```bicep-params
using 'br/public:avm/res/azure-stack-hci/marketplace-gallery-image:<version>'

// Required parameters
param customLocationResourceId = '<customLocationResourceId>'
param identifier = {
  offer: 'WindowsServer'
  publisher: 'MicrosoftWindowsServer'
  sku: '2022-datacenter-azure-edition'
}
param name = 'ashmgiminmarketplaceimage'
param osType = 'Windows'
param version = {
  name: '20348.2461.240510'
}
```

</details>
<p>

### Example 2: _WAF-aligned_

This instance deploys the module in alignment with the best-practices of the Azure Well-Architected Framework.

You can find the full example and the setup of its dependencies in the deployment test folder path [/tests/e2e/waf-aligned]


<details>

<summary>via Bicep module</summary>

```bicep
module marketplaceGalleryImage 'br/public:avm/res/azure-stack-hci/marketplace-gallery-image:<version>' = {
  params: {
    // Required parameters
    customLocationResourceId: '<customLocationResourceId>'
    identifier: {
      offer: 'WindowsServer'
      publisher: 'MicrosoftWindowsServer'
      sku: '2022-datacenter-azure-edition'
    }
    name: 'ashmgiwafmarketplaceimage'
    osType: 'Windows'
    version: {
      name: '20348.2461.240510'
    }
    // Non-required parameters
    cloudInitDataSource: 'Azure'
    containerResourceId: '<containerResourceId>'
    hyperVGeneration: 'V2'
    tags: {
      Environment: 'Test'
      'hidden-title': 'This is visible in the resource name'
      Purpose: 'MarketplaceGalleryImage'
    }
  }
}
```

</details>
<p>

<details>

<summary>via JSON parameters file</summary>

```json
{
  "$schema": "https://schema.management.azure.com/schemas/2019-04-01/deploymentParameters.json#",
  "contentVersion": "1.0.0.0",
  "parameters": {
    // Required parameters
    "customLocationResourceId": {
      "value": "<customLocationResourceId>"
    },
    "identifier": {
      "value": {
        "offer": "WindowsServer",
        "publisher": "MicrosoftWindowsServer",
        "sku": "2022-datacenter-azure-edition"
      }
    },
    "name": {
      "value": "ashmgiwafmarketplaceimage"
    },
    "osType": {
      "value": "Windows"
    },
    "version": {
      "value": {
        "name": "20348.2461.240510"
      }
    },
    // Non-required parameters
    "cloudInitDataSource": {
      "value": "Azure"
    },
    "containerResourceId": {
      "value": "<containerResourceId>"
    },
    "hyperVGeneration": {
      "value": "V2"
    },
    "tags": {
      "value": {
        "Environment": "Test",
        "hidden-title": "This is visible in the resource name",
        "Purpose": "MarketplaceGalleryImage"
      }
    }
  }
}
```

</details>
<p>

<details>

<summary>via Bicep parameters file</summary>

```bicep-params
using 'br/public:avm/res/azure-stack-hci/marketplace-gallery-image:<version>'

// Required parameters
param customLocationResourceId = '<customLocationResourceId>'
param identifier = {
  offer: 'WindowsServer'
  publisher: 'MicrosoftWindowsServer'
  sku: '2022-datacenter-azure-edition'
}
param name = 'ashmgiwafmarketplaceimage'
param osType = 'Windows'
param version = {
  name: '20348.2461.240510'
}
// Non-required parameters
param cloudInitDataSource = 'Azure'
param containerResourceId = '<containerResourceId>'
param hyperVGeneration = 'V2'
param tags = {
  Environment: 'Test'
  'hidden-title': 'This is visible in the resource name'
  Purpose: 'MarketplaceGalleryImage'
}
```

</details>
<p>

## Parameters

**Required parameters**

| Parameter | Type | Description |
| :-- | :-- | :-- |
| [`customLocationResourceId`](#parameter-customlocationresourceid) | string | The custom location ID. |
| [`identifier`](#parameter-identifier) | object | The gallery image identifier configuration containing publisher, offer, and SKU. |
| [`name`](#parameter-name) | string | Name of the resource to create. |
| [`osType`](#parameter-ostype) | string | Operating system type that the gallery image uses. |
| [`version`](#parameter-version) | object | Gallery image version configuration. |

**Optional parameters**

| Parameter | Type | Description |
| :-- | :-- | :-- |
| [`cloudInitDataSource`](#parameter-cloudinitdatasource) | string | Datasource for the gallery image when provisioning with cloud-init. |
| [`containerResourceId`](#parameter-containerresourceid) | string | Storage Container resourceId of the storage container to be used for marketplace gallery image. |
| [`enableTelemetry`](#parameter-enabletelemetry) | bool | Enable/Disable usage telemetry for module. |
| [`hyperVGeneration`](#parameter-hypervgeneration) | string | The hypervisor generation of the Virtual Machine. |
| [`location`](#parameter-location) | string | Location for all Resources. |
| [`roleAssignments`](#parameter-roleassignments) | array | Array of role assignments to create. |
| [`tags`](#parameter-tags) | object | Tags for the marketplace gallery image. |

### Parameter: `customLocationResourceId`

The custom location ID.

- Required: Yes
- Type: string

### Parameter: `identifier`

The gallery image identifier configuration containing publisher, offer, and SKU.

- Required: Yes
- Type: object

### Parameter: `name`

Name of the resource to create.

- Required: Yes
- Type: string

### Parameter: `osType`

Operating system type that the gallery image uses.

- Required: Yes
- Type: string
- Allowed:
  ```Bicep
  [
    'Linux'
    'Windows'
  ]
  ```

### Parameter: `version`

Gallery image version configuration.

- Required: Yes
- Type: object

### Parameter: `cloudInitDataSource`

Datasource for the gallery image when provisioning with cloud-init.

- Required: No
- Type: string
- Allowed:
  ```Bicep
  [
    'Azure'
    'NoCloud'
  ]
  ```

### Parameter: `containerResourceId`

Storage Container resourceId of the storage container to be used for marketplace gallery image.

- Required: No
- Type: string

### Parameter: `enableTelemetry`

Enable/Disable usage telemetry for module.

- Required: No
- Type: bool
- Default: `True`

### Parameter: `hyperVGeneration`

The hypervisor generation of the Virtual Machine.

- Required: No
- Type: string
- Default: `'V2'`
- Allowed:
  ```Bicep
  [
    'NA'
    'V1'
    'V2'
  ]
  ```

### Parameter: `location`

Location for all Resources.

- Required: No
- Type: string
- Default: `[resourceGroup().location]`

### Parameter: `roleAssignments`

Array of role assignments to create.

- Required: No
- Type: array
- Roles configurable by name:
  - `'Contributor'`
  - `'Owner'`
  - `'Reader'`
  - `'User Access Administrator'`
  - `'Role Based Access Control Administrator'`

**Required parameters**

| Parameter | Type | Description |
| :-- | :-- | :-- |
| [`principalId`](#parameter-roleassignmentsprincipalid) | string | The principal ID of the principal (user/group/identity) to assign the role to. |
| [`roleDefinitionIdOrName`](#parameter-roleassignmentsroledefinitionidorname) | string | The role to assign. You can provide either the display name of the role definition, the role definition GUID, or its fully qualified ID in the following format: '/providers/Microsoft.Authorization/roleDefinitions/c2f4ef07-c644-48eb-af81-4b1b4947fb11'. |

**Optional parameters**

| Parameter | Type | Description |
| :-- | :-- | :-- |
| [`condition`](#parameter-roleassignmentscondition) | string | The conditions on the role assignment. This limits the resources it can be assigned to. e.g.: @Resource[Microsoft.Storage/storageAccounts/blobServices/containers:ContainerName] StringEqualsIgnoreCase "foo_storage_container". |
| [`conditionVersion`](#parameter-roleassignmentsconditionversion) | string | Version of the condition. |
| [`delegatedManagedIdentityResourceId`](#parameter-roleassignmentsdelegatedmanagedidentityresourceid) | string | The Resource Id of the delegated managed identity resource. |
| [`description`](#parameter-roleassignmentsdescription) | string | The description of the role assignment. |
| [`name`](#parameter-roleassignmentsname) | string | The name (as GUID) of the role assignment. If not provided, a GUID will be generated. |
| [`principalType`](#parameter-roleassignmentsprincipaltype) | string | The principal type of the assigned principal ID. |

### Parameter: `roleAssignments.principalId`

The principal ID of the principal (user/group/identity) to assign the role to.

- Required: Yes
- Type: string

### Parameter: `roleAssignments.roleDefinitionIdOrName`

The role to assign. You can provide either the display name of the role definition, the role definition GUID, or its fully qualified ID in the following format: '/providers/Microsoft.Authorization/roleDefinitions/c2f4ef07-c644-48eb-af81-4b1b4947fb11'.

- Required: Yes
- Type: string

### Parameter: `roleAssignments.condition`

The conditions on the role assignment. This limits the resources it can be assigned to. e.g.: @Resource[Microsoft.Storage/storageAccounts/blobServices/containers:ContainerName] StringEqualsIgnoreCase "foo_storage_container".

- Required: No
- Type: string

### Parameter: `roleAssignments.conditionVersion`

Version of the condition.

- Required: No
- Type: string
- Allowed:
  ```Bicep
  [
    '2.0'
  ]
  ```

### Parameter: `roleAssignments.delegatedManagedIdentityResourceId`

The Resource Id of the delegated managed identity resource.

- Required: No
- Type: string

### Parameter: `roleAssignments.description`

The description of the role assignment.

- Required: No
- Type: string

### Parameter: `roleAssignments.name`

The name (as GUID) of the role assignment. If not provided, a GUID will be generated.

- Required: No
- Type: string

### Parameter: `roleAssignments.principalType`

The principal type of the assigned principal ID.

- Required: No
- Type: string
- Allowed:
  ```Bicep
  [
    'Device'
    'ForeignGroup'
    'Group'
    'ServicePrincipal'
    'User'
  ]
  ```

### Parameter: `tags`

Tags for the marketplace gallery image.

- Required: No
- Type: object

## Outputs

| Output | Type | Description |
| :-- | :-- | :-- |
| `location` | string | The location of the marketplace gallery image. |
| `name` | string | The name of the marketplace gallery image. |
| `resourceGroupName` | string | The resource group of the marketplace gallery image. |
| `resourceId` | string | The resource ID of the marketplace gallery image. |

## Cross-referenced modules

This section gives you an overview of all local-referenced module files (i.e., other modules that are referenced in this module) and all remote-referenced files (i.e., Bicep modules that are referenced from a Bicep Registry or Template Specs).

| Reference | Type |
| :-- | :-- |
| `br/public:avm/utl/types/avm-common-types:0.5.1` | Remote reference |

## Data Collection

The software may collect information about you and your use of the software and send it to Microsoft. Microsoft may use this information to provide services and improve our products and services. You may turn off the telemetry as described in the [repository](https://aka.ms/avm/telemetry). There are also some features in the software that may enable you and Microsoft to collect data from users of your applications. If you use these features, you must comply with applicable law, including providing appropriate notices to users of your applications together with a copy of Microsoft's privacy statement. Our privacy statement is located at <https://go.microsoft.com/fwlink/?LinkID=824704>. You can learn more about data collection and use in the help documentation and our privacy statement. Your use of the software operates as your consent to these practices.

File [C:\Users\chchoudha\repo\bicep-registry-modules\avm\res\azure-stack-hci\marketplace-gallery-image\README.md] updated
   [+] [azure-stack-hci/marketplace-gallery-image] Set-ModuleReadMe script should not apply any updates.
 10.21s (10.21s|4ms)
 Context Compiled ARM template tests
   [+] [azure-stack-hci/marketplace-gallery-image] The [main.json] ARM template should be based on the current [main.bicep] Bicep template.
 5.19s (5.19s|5ms)
 Context Template tests
  Context General
    [+] [azure-stack-hci/marketplace-gallery-image] The template file should not be empty.
 4ms (2ms|3ms)
    [+] [azure-stack-hci/marketplace-gallery-image] Template schema version should be the latest.
 2ms (2ms|1ms)
    [+] [azure-stack-hci/marketplace-gallery-image] Template schema should use HTTPS reference.
 2ms (2ms|1ms)
    [+] [azure-stack-hci/marketplace-gallery-image] The template file should contain required elements [schema], [contentVersion], [resources].
 37ms (36ms|1ms)
    [+] [azure-stack-hci/marketplace-gallery-image] template file should have a module name specified.
 3ms (2ms|1ms)
    [+] [azure-stack-hci/marketplace-gallery-image] template file should have a module description specified.
 2ms (1ms|1ms)
  Context Parameters
    [+] [azure-stack-hci/marketplace-gallery-image] The Location should be defined as a parameter, with the default value of "[resourceGroup().Location]" or "global" for ResourceGroup deployment scope.
 5ms (3ms|2ms)
    [+] [azure-stack-hci/marketplace-gallery-image] The telemetry parameter should be present & have the expected type, default value & metadata description.
 4ms (3ms|1ms)
    [+] [azure-stack-hci/marketplace-gallery-image] Parameter & UDT names should be camel-cased (no dashes or underscores and must start with lower-case letter).
 6ms (3ms|4ms)
    [+] [azure-stack-hci/marketplace-gallery-image] Each parameters' & UDT's description should start with a one word category starting with a capital letter, followed by a dot, a space and the actual description text ending with a dot.
 5ms (4ms|1ms)
    [+] [azure-stack-hci/marketplace-gallery-image] Conditional parameters' & UDT's description should contain 'Required if' followed by the condition making the parameter required.
 2ms (1ms|1ms)
    [+] [azure-stack-hci/marketplace-gallery-image] All non-required parameters & UDTs in template file should not have description that start with "Required.".
 2ms (1ms|1ms)
    [+] [azure-stack-hci/marketplace-gallery-image] All required parameters & UDTs in template file should have description that start with "(Required|Conditional).".
 2ms (1ms|1ms)
    [+] [azure-stack-hci/marketplace-gallery-image] All parameters which are of type [object] or [array-of-objects] should implement a user-defined, or resource-derived type.
 2ms (1ms|1ms)
   Context Schema-based User-defined-types tests
     [!] [azure-stack-hci/marketplace-gallery-image] If template has a parameter [diagnosticSettings], it should implement AVM's corresponding user-defined type. is skipped, because the module template has no [diagnosticSettings] parameter.
 3ms (2ms|2ms)
     [+] [azure-stack-hci/marketplace-gallery-image] If template has a parameter [roleAssignments], it should implement AVM's corresponding user-defined type.
 2ms (1ms|1ms)
     [!] [azure-stack-hci/marketplace-gallery-image] If template has a parameter [lock], it should implement AVM's corresponding user-defined type. is skipped, because the module template has no [lock] parameter.
 67ms (66ms|1ms)
     [!] [azure-stack-hci/marketplace-gallery-image] If template has a parameter [managedIdentities], it should implement AVM's corresponding user-defined type. is skipped, because the module template has no [managedIdentities] parameter.
 2ms (1ms|1ms)
     [!] [azure-stack-hci/marketplace-gallery-image] If template has a parameter [privateEndpoints], it should implement AVM's corresponding user-defined type. is skipped, because the module template has no [privateEndpoints] parameter.
 2ms (1ms|1ms)
     [!] [azure-stack-hci/marketplace-gallery-image] If template has a parameter [customerManagedKey], it should implement AVM's corresponding user-defined type. is skipped, because the module template has no [customerManagedKey] parameter.
 2ms (1ms|1ms)
     [!] [azure-stack-hci/marketplace-gallery-image] If a UDT definition [managedIdentitiesType] exists and supports system-assigned-identities, the template should have an output for its principal ID. is skipped, because the module template has no [managedIdentitiesType] UDT definition or does not support system-assigned-identities.
 2ms (1ms|1ms)
     [+] [azure-stack-hci/marketplace-gallery-image] If a parameter [tags] exists it should be nullable.
 2ms (1ms|1ms)
  Context Variables
    [+] [azure-stack-hci/marketplace-gallery-image] Variable names should be camel-cased (no dashes or underscores and must start with lower-case letter).
 5ms (1ms|4ms)
    [!] [azure-stack-hci/marketplace-gallery-image] Variable "enableReferencedModulesTelemetry" should exist and set to "false" if module references other modules with dedicated telemetry (unless multi-scoped). is skipped, because no modules with dedicated telemetry are deployed.
 2ms (1ms|1ms)
  Context Resources
    [+] [azure-stack-hci/marketplace-gallery-image] Telemetry deployment should be present in the template.
 3ms (1ms|2ms)
    [+] [azure-stack-hci/marketplace-gallery-image] Telemetry deployment should have correct condition in the template.
 3ms (1ms|1ms)
    [+] [azure-stack-hci/marketplace-gallery-image] Telemetry deployment should have expected inner output for verbosity.
 6ms (5ms|1ms)
WebRequest: v1.1 GET https://aka.ms/avm/index/bicep/res/csv
WebResponse: 200 OK with text/csv payload
    [+] [azure-stack-hci/marketplace-gallery-image] Telemetry deployment should have expected telemetry identifier.
 668ms (667ms|1ms)
    [!] [azure-stack-hci/marketplace-gallery-image] For resource modules, telemetry should be disabled for referenced modules with dedicated telemetry (unless multi-scoped). is skipped, because no modules with dedicated telemetry are deployed.
 6ms (4ms|2ms)
  Context Output
    [+] [azure-stack-hci/marketplace-gallery-image] Output names should be camel-cased (no dashes or underscores and must start with lower-case letter).
 4ms (2ms|2ms)
    [+] [azure-stack-hci/marketplace-gallery-image] Output names description should start with a capital letter and contain text ending with a dot.
 3ms (3ms|1ms)
    [+] [azure-stack-hci/marketplace-gallery-image] Location output should be returned for resources that use it.
 2ms (1ms|1ms)
    [+] [azure-stack-hci/marketplace-gallery-image] Resource Group output should exist for resources that are deployed into a resource group scope.
 5ms (4ms|1ms)
    [+] [azure-stack-hci/marketplace-gallery-image] Resource modules should have a name output.
 6ms (5ms|1ms)
    [+] [azure-stack-hci/marketplace-gallery-image] Resource modules should have a Resource ID output.
 138ms (137ms|1ms)
    [!] [azure-stack-hci/marketplace-gallery-image] Resource modules Principal ID output should exist, if supported. is skipped, because the module template seems not to support an identity object.
 3ms (2ms|1ms)
  Context UDT-spcific
    [+] [azure-stack-hci/marketplace-gallery-image] A UDT should not be of type array, but instead the parameter that uses it. AVM-Spec-Ref: BCPNFR18.
 4ms (2ms|2ms)
    [+] [azure-stack-hci/marketplace-gallery-image] A UDT should not be nullable, but instead the parameter that uses it. AVM-Spec-Ref: BCPNFR18.
 2ms (1ms|1ms)
    [+] [azure-stack-hci/marketplace-gallery-image] A UDT should always be camel-cased and end with the suffix "Type". AVM-Spec-Ref: BCPNFR19.
 2ms (1ms|1ms)
 Context Changelog tests
   [+] [azure-stack-hci/marketplace-gallery-image] CHANGELOG.md must not be empty.
 3ms (1ms|2ms)
   [+] [azure-stack-hci/marketplace-gallery-image] CHANGELOG.md must start with #Changelog header, followed by an empty line and a link to the latest version.
 5ms (4ms|1ms)
Currently in the fork branch [avm-res-azure-stack-hci-marketplace-gallery-image]
Fetching changes of latest upstream [main] commit [c34c4a1] against current commit [e461d67].
Diff found:

  The new version equals the old version
[version.json] file version property was not updated. Calculating new PATCH version.
Latest tag is [avm/res/azure-stack-hci/marketplace-gallery-image/0.1.0]. Bumping patch.
Target version is [0.1.1].
Looking for modified files under: [C:\Users\chchoudha\repo\bicep-registry-modules\avm\res\azure-stack-hci\marketplace-gallery-image/]
Currently in the fork branch [avm-res-azure-stack-hci-marketplace-gallery-image]
Fetching changes of latest upstream [main] commit [c34c4a1] against current commit [e461d67].
Diff found:
 .../azure-stack-hci/marketplace-gallery-image/CHANGELOG.md   | 12 ++++++++++++
 avm/res/azure-stack-hci/marketplace-gallery-image/README.md  |  1 +
 avm/res/azure-stack-hci/marketplace-gallery-image/main.bicep |  5 +++--
 avm/res/azure-stack-hci/marketplace-gallery-image/main.json  |  9 +++++----
 .../tests/e2e/defaults/main.test.bicep                       |  5 ++---
 .../tests/e2e/waf-aligned/main.test.bicep                    |  8 ++------
 6 files changed, 25 insertions(+), 15 deletions(-)

[6] modified files identified in path [avm\res\azure-stack-hci\marketplace-gallery-image/]:
 - avm/res/azure-stack-hci/marketplace-gallery-image/CHANGELOG.md
 - avm/res/azure-stack-hci/marketplace-gallery-image/README.md
 - avm/res/azure-stack-hci/marketplace-gallery-image/main.bicep
 - avm/res/azure-stack-hci/marketplace-gallery-image/main.json
 - avm/res/azure-stack-hci/marketplace-gallery-image/tests/e2e/defaults/main.test.bicep
 - avm/res/azure-stack-hci/marketplace-gallery-image/tests/e2e/waf-aligned/main.test.bicep
[1] files identified that justify publishing:
 - avm/res/azure-stack-hci/marketplace-gallery-image/main.json
[1] template(s) for modified modules found:
 - avm/res/azure-stack-hci/marketplace-gallery-image/main.json
[1] versioned modules to publish
 - avm/res/azure-stack-hci/marketplace-gallery-image/main.json
   [+] [azure-stack-hci/marketplace-gallery-image] CHANGELOG.md must contain a section for the module version.
 22.86s (22.86s|1ms)
   [+] [azure-stack-hci/marketplace-gallery-image] CHANGELOG.md file's sections must be sorted in a decending order.
 2ms (1ms|1ms)
   [+] [azure-stack-hci/marketplace-gallery-image] CHANGELOG.md versions must contain exactly one valid Changes section.
 2ms (2ms|1ms)
   [+] [azure-stack-hci/marketplace-gallery-image] CHANGELOG.md versions must contain exactly one valid Breaking Changes section.
 2ms (1ms|1ms)
   [+] [azure-stack-hci/marketplace-gallery-image] CHANGELOG.md sections Changes and Breaking Changes must not be empty.
 2ms (1ms|1ms)
   [+] [azure-stack-hci/marketplace-gallery-image] CHANGELOG.md versions must contain the Changes section before the Breaking Changes section.
 1ms (1ms|0ms)
Getting available tags at 'https://mcr.microsoft.com/v2/bicep/avm/res/azure-stack-hci/marketplace-gallery-image/tags/list' (attempt 1)...
  Found tags: 0.1.0
Currently in the fork branch [avm-res-azure-stack-hci-marketplace-gallery-image]
Fetching changes of latest upstream [main] commit [c34c4a1] against current commit [e461d67].
Diff found:

  The new version equals the old version
[version.json] file version property was not updated. Calculating new PATCH version.
Latest tag is [avm/res/azure-stack-hci/marketplace-gallery-image/0.1.0]. Bumping patch.
Target version is [0.1.1].
   [+] [azure-stack-hci/marketplace-gallery-image] CHANGELOG.md must contain only versions, that are published.
 14.57s (14.57s|0ms)
 Context Version tests
   [+] [azure-stack-hci/marketplace-gallery-image] A [ version.json ] file must only have a major & minor version.
 5ms (2ms|3ms)
   [+] [azure-stack-hci/marketplace-gallery-image] A [ version.json ] file must not yet contain a major version greater than 0.
 80ms (79ms|2ms)

Describing Governance tests
  [+] [azure-stack-hci/marketplace-gallery-image] Owning team should be specified correctly in CODEWONERS file.
 5ms (4ms|1ms)
  [+] [azure-stack-hci/marketplace-gallery-image] Module identifier should be listed in issue template in the correct alphabetical position.
 8ms (7ms|1ms)

Describing Test file tests
 Context General test file
   [+] [azure-stack-hci/marketplace-gallery-image] Bicep test deployment files should contain a parameter [serviceShort] for test case [defaults]
 3ms (1ms|2ms)
   [+] [azure-stack-hci/marketplace-gallery-image] Bicep test deployment files should contain a parameter [serviceShort] for test case [waf-aligned]
 1ms (1ms|1ms)
   [+] [azure-stack-hci/marketplace-gallery-image] [defaults] Bicep test deployment files in a [defaults] folder should have a parameter [serviceShort] with a value ending with [min]
 71ms (71ms|0ms)
   [+] [azure-stack-hci/marketplace-gallery-image] [waf-aligned] Bicep test deployment files in a [waf-aligned] folder should have a [serviceShort] parameter with a value ending with [waf]
 2ms (1ms|1ms)
   [+] [azure-stack-hci/marketplace-gallery-image] Bicep test deployment files should contain a metadata string [name] for test case [defaults]
 4ms (3ms|1ms)
   [+] [azure-stack-hci/marketplace-gallery-image] Bicep test deployment files should contain a metadata string [name] for test case [waf-aligned]
 4ms (3ms|1ms)
   [+] [azure-stack-hci/marketplace-gallery-image] Bicep test deployment files should contain a metadata string [description] for test case [defaults]
 2ms (1ms|1ms)
   [+] [azure-stack-hci/marketplace-gallery-image] Bicep test deployment files should contain a metadata string [description] for test case [waf-aligned]
 2ms (1ms|0ms)
   [+] [azure-stack-hci/marketplace-gallery-image] Bicep test deployment files should contain a parameter [namePrefix] with value ['#_namePrefix_#'] for test case [defaults]
 2ms (1ms|0ms)
   [+] [azure-stack-hci/marketplace-gallery-image] Bicep test deployment files should contain a parameter [namePrefix] with value ['#_namePrefix_#'] for test case [waf-aligned]
 2ms (1ms|0ms)
   [+] [azure-stack-hci/marketplace-gallery-image] Bicep test deployment files should invoke test like [module testDeployment '../.*main.bicep' = [ or {] for test case [defaults]
 2ms (1ms|1ms)
   [+] [azure-stack-hci/marketplace-gallery-image] Bicep test deployment files should invoke test like [module testDeployment '../.*main.bicep' = [ or {] for test case [waf-aligned]
 2ms (1ms|1ms)
   [+] [azure-stack-hci/marketplace-gallery-image] Bicep test deployment name should contain [-test-] for test case [defaults]
 3ms (2ms|1ms)
   [+] [azure-stack-hci/marketplace-gallery-image] Bicep test deployment name should contain [-test-] for test case [waf-aligned]
 2ms (1ms|0ms)
   [+] [azure-stack-hci/marketplace-gallery-image] serviceShort should be unique across repository
 2.35s (2.35s|0ms)
   [+] [azure-stack-hci/marketplace-gallery-image] serviceShort should be unique across repository
 1.56s (1.56s|1ms)

Describing API version tests
  [+] In [res/azure-stack-hci/marketplace-gallery-image] used resource type [roleAssignments] should use one of the recent API version(s). Currently using [2022-04-01].
 3ms (1ms|2ms)
  [+] In [res/azure-stack-hci/marketplace-gallery-image] used resource type [marketplaceGalleryImages] should use one of the recent API version(s). Currently using [2025-04-01-preview].
 2ms (1ms|1ms)
Tests completed in 96.09s
Tests Passed: 88, 
Failed: 0, 
Skipped: 9, 
Inconclusive: 0, 

NotRun: 0
